16:52:33 INFO  : Processing command line option -hwspec C:/Users/INTEL/Desktop/KNN_code/project_1/project_1.sdk/design_1_wrapper.hdf.
16:52:41 INFO  : Launching XSDB server: xsdb.bat -s C:/Xilinx/SDK/2014.4/scripts/xsdb/xsdb/xsdb-server.tcl 2450
17:04:13 INFO  : Refreshed build settings on project knn
17:06:50 INFO  : Refreshed build settings on project knn
17:12:33 INFO  : FPGA configured successfully with bitstream "C:/Users/INTEL/Desktop/KNN_code/project_1/project_1.sdk/design_1_wrapper_hw_platform_0/design_1_wrapper.bit"
17:14:20 INFO  : ps7_init is completed.
17:14:20 INFO  : ps7_post_config is completed.
17:14:20 INFO  : Processor reset is completed for ps7_cortexa9_0
17:15:53 INFO  : FPGA configured successfully with bitstream "C:/Users/INTEL/Desktop/KNN_code/project_1/project_1.sdk/design_1_wrapper_hw_platform_0/design_1_wrapper.bit"
17:16:04 INFO  : ps7_init is completed.
17:16:04 INFO  : ps7_post_config is completed.
17:16:05 INFO  : Processor reset is completed for ps7_cortexa9_0
17:16:29 INFO  : Processor reset is completed for ps7_cortexa9_0
17:18:52 INFO  : Processor reset is completed for ps7_cortexa9_0
17:19:48 INFO  : FPGA configured successfully with bitstream "C:/Users/INTEL/Desktop/KNN_code/project_1/project_1.sdk/design_1_wrapper_hw_platform_0/design_1_wrapper.bit"
17:19:56 INFO  : ps7_init is completed.
17:19:56 INFO  : ps7_post_config is completed.
17:19:56 INFO  : Processor reset is completed for ps7_cortexa9_0
17:36:28 INFO  : FPGA configured successfully with bitstream "C:/Users/INTEL/Desktop/KNN_code/project_1/project_1.sdk/design_1_wrapper_hw_platform_0/design_1_wrapper.bit"
17:36:36 INFO  : ps7_init is completed.
17:36:36 INFO  : ps7_post_config is completed.
17:36:37 INFO  : Processor reset is completed for ps7_cortexa9_0
17:39:11 INFO  : FPGA configured successfully with bitstream "C:/Users/INTEL/Desktop/KNN_code/project_1/project_1.sdk/design_1_wrapper_hw_platform_0/design_1_wrapper.bit"
17:39:30 INFO  : ps7_init is completed.
17:39:30 INFO  : ps7_post_config is completed.
17:39:30 INFO  : Processor reset is completed for ps7_cortexa9_0
17:40:24 INFO  : FPGA configured successfully with bitstream "C:/Users/INTEL/Desktop/KNN_code/project_1/project_1.sdk/design_1_wrapper_hw_platform_0/design_1_wrapper.bit"
17:40:33 INFO  : ps7_init is completed.
17:40:33 INFO  : ps7_post_config is completed.
17:40:33 INFO  : Processor reset is completed for ps7_cortexa9_0
17:40:53 INFO  : Processor reset is completed for ps7_cortexa9_0
17:42:42 INFO  : FPGA configured successfully with bitstream "C:/Users/INTEL/Desktop/KNN_code/project_1/project_1.sdk/design_1_wrapper_hw_platform_0/design_1_wrapper.bit"
17:42:50 INFO  : Processor reset is completed for ps7_cortexa9_0
17:43:01 INFO  : Processor reset is completed for ps7_cortexa9_0
17:50:34 INFO  : FPGA configured successfully with bitstream "C:/Users/INTEL/Desktop/KNN_code/project_1/project_1.sdk/design_1_wrapper_hw_platform_0/design_1_wrapper.bit"
17:50:43 INFO  : ps7_init is completed.
17:50:43 INFO  : ps7_post_config is completed.
17:50:43 INFO  : Processor reset is completed for ps7_cortexa9_0
17:51:23 INFO  : FPGA configured successfully with bitstream "C:/Users/INTEL/Desktop/KNN_code/project_1/project_1.sdk/design_1_wrapper_hw_platform_0/design_1_wrapper.bit"
17:51:33 INFO  : ps7_cortexa9_0 Processor is in use. Please stop existing Run or Debug sessions before launching.
17:51:36 INFO  : Processor reset is completed for ps7_cortexa9_0
17:51:47 INFO  : ps7_cortexa9_0 Processor is in use. Please stop existing Run or Debug sessions before launching.
17:51:49 INFO  : Processor reset is completed for ps7_cortexa9_0
17:52:00 INFO  : ps7_cortexa9_0 Processor is in use. Please stop existing Run or Debug sessions before launching.
17:52:02 INFO  : Processor reset is completed for ps7_cortexa9_0
17:55:31 INFO  : FPGA configured successfully with bitstream "C:/Users/INTEL/Desktop/KNN_code/project_1/project_1.sdk/design_1_wrapper_hw_platform_0/design_1_wrapper.bit"
17:55:40 INFO  : ps7_init is completed.
17:55:40 INFO  : ps7_post_config is completed.
17:55:40 INFO  : Processor reset is completed for ps7_cortexa9_0
17:55:52 INFO  : Processor reset is completed for ps7_cortexa9_0
18:12:46 INFO  : FPGA configured successfully with bitstream "C:/Users/INTEL/Desktop/KNN_code/project_1/project_1.sdk/design_1_wrapper_hw_platform_0/design_1_wrapper.bit"
18:12:53 INFO  : ps7_init is completed.
18:12:53 INFO  : ps7_post_config is completed.
18:12:54 INFO  : Processor reset is completed for ps7_cortexa9_0
18:13:26 INFO  : Processor reset is completed for ps7_cortexa9_0
18:15:34 INFO  : FPGA configured successfully with bitstream "C:/Users/INTEL/Desktop/KNN_code/project_1/project_1.sdk/design_1_wrapper_hw_platform_0/design_1_wrapper.bit"
18:15:42 INFO  : Processor reset is completed for ps7_cortexa9_0
18:15:54 INFO  : Processor reset is completed for ps7_cortexa9_0
18:18:00 INFO  : FPGA configured successfully with bitstream "C:/Users/INTEL/Desktop/KNN_code/project_1/project_1.sdk/design_1_wrapper_hw_platform_0/design_1_wrapper.bit"
18:18:17 INFO  : ps7_cortexa9_0 Processor is in use. Please stop existing Run or Debug sessions before launching.
18:18:23 INFO  : Processor reset is completed for ps7_cortexa9_0
18:18:33 INFO  : Processor reset is completed for ps7_cortexa9_0
18:18:55 INFO  : FPGA Cable Disconnected. All active launches will be terminated.
18:18:55 WARN  : Terminating existing sessions on processor ps7_cortexa9_0
18:43:34 INFO  : FPGA configured successfully with bitstream "C:/Users/INTEL/Desktop/KNN_code/project_1/project_1.sdk/design_1_wrapper_hw_platform_0/design_1_wrapper.bit"
18:43:43 INFO  : ps7_init is completed.
18:43:43 INFO  : ps7_post_config is completed.
18:43:43 INFO  : Processor reset is completed for ps7_cortexa9_0
18:44:28 INFO  : FPGA configured successfully with bitstream "C:/Users/INTEL/Desktop/KNN_code/project_1/project_1.sdk/design_1_wrapper_hw_platform_0/design_1_wrapper.bit"
18:44:38 INFO  : Processor reset is completed for ps7_cortexa9_0
18:45:56 INFO  : FPGA configured successfully with bitstream "C:/Users/INTEL/Desktop/KNN_code/project_1/project_1.sdk/design_1_wrapper_hw_platform_0/design_1_wrapper.bit"
18:46:04 INFO  : Processor reset is completed for ps7_cortexa9_0
18:46:42 INFO  : Processor reset is completed for ps7_cortexa9_0
19:20:07 ERROR : Unexpected error while fetching XMD's response: 
java.net.SocketException: Connection reset
	at java.net.SocketInputStream.read(Unknown Source)
	at java.net.SocketInputStream.read(Unknown Source)
	at sun.nio.cs.StreamDecoder.readBytes(Unknown Source)
	at sun.nio.cs.StreamDecoder.implRead(Unknown Source)
	at sun.nio.cs.StreamDecoder.read(Unknown Source)
	at java.io.InputStreamReader.read(Unknown Source)
	at java.io.BufferedReader.fill(Unknown Source)
	at java.io.BufferedReader.read(Unknown Source)
	at com.xilinx.sdk.targetmanager.internal.json.XMDJSONProcess$CommandResultsReader.run(XMDJSONProcess.java:332)
	at java.lang.Thread.run(Unknown Source)
19:20:09 ERROR : Zero sized response read from XMD. This indicates a communication error or a programming error.
12:12:14 INFO  : Processing command line option -hwspec C:/Users/Teo/Desktop/teo1/teo/project_1/project_1.sdk/design_1_wrapper.hdf.
12:12:16 INFO  : Launching XSDB server: xsdb.bat -s C:/Xilinx/SDK/2014.4/scripts/xsdb/xsdb/xsdb-server.tcl 2450
12:13:04 WARN  :  [Hsi 55-1607] Software Repository Paths c:/Users/INTEL/Desktop/KNN_code/dist_repo/distip_1.0 and C:/Users/Teo/Desktop/teo1/teo/project_1/project_1.sdk/design_1_wrapper_hw_platform_1/../../../../../../dist_repo/distip_1.0 do not exist or not accessible
12:13:05 WARN  :  [Hsi 55-1607] Software Repository Paths c:/Users/INTEL/Desktop/KNN_code/dist_repo/distip_1.0 and C:/Users/Teo/Desktop/teo1/teo/project_1/project_1.sdk/design_1_wrapper_hw_platform_1/../../../../../../dist_repo/distip_1.0 do not exist or not accessible
12:13:06 WARN  :  [Hsi 55-1607] Software Repository Paths c:/Users/INTEL/Desktop/KNN_code/dist_repo/distip_1.0 and C:/Users/Teo/Desktop/teo1/teo/project_1/project_1.sdk/design_1_wrapper_hw_platform_1/../../../../../../dist_repo/distip_1.0 do not exist or not accessible
12:13:07 WARN  :  [Hsi 55-1607] Software Repository Paths c:/Users/INTEL/Desktop/KNN_code/dist_repo/distip_1.0 and C:/Users/Teo/Desktop/teo1/teo/project_1/project_1.sdk/design_1_wrapper_hw_platform_1/../../../../../../dist_repo/distip_1.0 do not exist or not accessible
12:15:58 ERROR :  [Hsi 55-1594] Core distip of version 1.0 not found in repositories
12:15:58 ERROR :  [Hsi 55-1594] Core distip of version 1.0 not found in repositories
 [Hsi 55-1594] Core distip of version 1.0 not found in repositories
 [Hsi 55-1594] Core distip of version 1.0 not found in repositories
 [Hsi 55-1430] Driver Name is empty
12:15:58 ERROR :  [Hsi 55-1594] Core distip of version 1.0 not found in repositories
 [Hsi 55-1594] Core distip of version 1.0 not found in repositories
 [Hsi 55-1546] Processor Instance  doesn't exist in Xml/HwDb
12:22:02 INFO  : Processing command line option -hwspec C:/Users/Teo/Desktop/teo1/teo/project_1/project_1.sdk/design_1_wrapper.hdf.
12:22:03 INFO  : Checking for hwspec changes in the project design_1_wrapper_hw_platform_1.
12:22:04 INFO  : Launching XSDB server: xsdb.bat -s C:/Xilinx/SDK/2014.4/scripts/xsdb/xsdb/xsdb-server.tcl 2450
12:22:13 ERROR :  [Hsi 55-1594] Core distip of version 1.0 not found in repositories
12:22:13 ERROR :  [Hsi 55-1594] Core distip of version 1.0 not found in repositories
 [Hsi 55-1594] Core distip of version 1.0 not found in repositories
 [Hsi 55-1594] Core distip of version 1.0 not found in repositories
 [Hsi 55-1430] Driver Name is empty
12:22:13 ERROR :  [Hsi 55-1594] Core distip of version 1.0 not found in repositories
 [Hsi 55-1594] Core distip of version 1.0 not found in repositories
 [Hsi 55-1546] Processor Instance  doesn't exist in Xml/HwDb
12:22:43 ERROR :  [Hsi 55-1594] Core distip of version 1.0 not found in repositories
12:22:43 ERROR :  [Hsi 55-1594] Core distip of version 1.0 not found in repositories
 [Hsi 55-1594] Core distip of version 1.0 not found in repositories
 [Hsi 55-1594] Core distip of version 1.0 not found in repositories
 [Hsi 55-1594] Core  of version  not found in repositories
12:22:43 ERROR :  [Hsi 55-1430] Driver Name is empty
12:22:43 ERROR :  [Hsi 55-1594] Core distip of version 1.0 not found in repositories
12:22:43 ERROR :  [Hsi 55-1594] Core distip of version 1.0 not found in repositories
 [Hsi 55-1594] Core distip of version 1.0 not found in repositories
 [Hsi 55-1594] Core distip of version 1.0 not found in repositories
 [Hsi 55-1594] Core distip of version 1.0 not found in repositories
12:36:39 ERROR :  [Hsi 55-1594] Core distip of version 1.0 not found in repositories
12:36:39 ERROR :  [Hsi 55-1594] Core distip of version 1.0 not found in repositories
 [Hsi 55-1594] Core distip of version 1.0 not found in repositories
 [Hsi 55-1594] Core distip of version 1.0 not found in repositories
 [Hsi 55-1594] Core  of version  not found in repositories
12:36:39 ERROR :  [Hsi 55-1430] Driver Name is empty
12:36:39 ERROR :  [Hsi 55-1594] Core distip of version 1.0 not found in repositories
12:36:39 ERROR :  [Hsi 55-1594] Core distip of version 1.0 not found in repositories
 [Hsi 55-1594] Core distip of version 1.0 not found in repositories
 [Hsi 55-1594] Core distip of version 1.0 not found in repositories
 [Hsi 55-1594] Core distip of version 1.0 not found in repositories
12:51:14 ERROR :  [Hsi 55-1594] Core distip of version 1.0 not found in repositories
12:51:14 ERROR : Unexpected error occurred during generating bsp sources
java.lang.reflect.InvocationTargetException
	at org.eclipse.jface.operation.ModalContext.run(ModalContext.java:421)
	at org.eclipse.jface.dialogs.ProgressMonitorDialog.run(ProgressMonitorDialog.java:507)
	at org.eclipse.ui.internal.progress.ProgressMonitorJobsDialog.run(ProgressMonitorJobsDialog.java:275)
	at org.eclipse.ui.internal.progress.ProgressManager$3.run(ProgressManager.java:960)
	at org.eclipse.swt.custom.BusyIndicator.showWhile(BusyIndicator.java:70)
	at org.eclipse.ui.internal.progress.ProgressManager.busyCursorWhile(ProgressManager.java:995)
	at org.eclipse.ui.internal.progress.ProgressManager.busyCursorWhile(ProgressManager.java:970)
	at org.eclipse.ui.internal.progress.ProgressManager.run(ProgressManager.java:1166)
	at com.xilinx.sdk.sw.ui.handlers.RegenBspSourcesHandler.execute(RegenBspSourcesHandler.java:124)
	at com.xilinx.sdk.sw.ui.handlers.RegenBspSourcesHandler.execute(RegenBspSourcesHandler.java:78)
	at org.eclipse.ui.internal.handlers.HandlerProxy.execute(HandlerProxy.java:290)
	at org.eclipse.ui.internal.handlers.E4HandlerProxy.execute(E4HandlerProxy.java:90)
	at sun.reflect.NativeMethodAccessorImpl.invoke0(Native Method)
	at sun.reflect.NativeMethodAccessorImpl.invoke(Unknown Source)
	at sun.reflect.DelegatingMethodAccessorImpl.invoke(Unknown Source)
	at java.lang.reflect.Method.invoke(Unknown Source)
	at org.eclipse.e4.core.internal.di.MethodRequestor.execute(MethodRequestor.java:56)
	at org.eclipse.e4.core.internal.di.InjectorImpl.invokeUsingClass(InjectorImpl.java:243)
	at org.eclipse.e4.core.internal.di.InjectorImpl.invoke(InjectorImpl.java:224)
	at org.eclipse.e4.core.contexts.ContextInjectionFactory.invoke(ContextInjectionFactory.java:132)
	at org.eclipse.e4.core.commands.internal.HandlerServiceHandler.execute(HandlerServiceHandler.java:167)
	at org.eclipse.core.commands.Command.executeWithChecks(Command.java:499)
	at org.eclipse.core.commands.ParameterizedCommand.executeWithChecks(ParameterizedCommand.java:508)
	at org.eclipse.e4.core.commands.internal.HandlerServiceImpl.executeHandler(HandlerServiceImpl.java:213)
	at org.eclipse.e4.ui.workbench.renderers.swt.HandledContributionItem.executeItem(HandledContributionItem.java:850)
	at org.eclipse.e4.ui.workbench.renderers.swt.HandledContributionItem.handleWidgetSelection(HandledContributionItem.java:743)
	at org.eclipse.e4.ui.workbench.renderers.swt.HandledContributionItem.access$7(HandledContributionItem.java:727)
	at org.eclipse.e4.ui.workbench.renderers.swt.HandledContributionItem$4.handleEvent(HandledContributionItem.java:662)
	at org.eclipse.swt.widgets.EventTable.sendEvent(EventTable.java:84)
	at org.eclipse.swt.widgets.Widget.sendEvent(Widget.java:1057)
	at org.eclipse.swt.widgets.Display.runDeferredEvents(Display.java:4170)
	at org.eclipse.swt.widgets.Display.readAndDispatch(Display.java:3759)
	at org.eclipse.e4.ui.internal.workbench.swt.PartRenderingEngine$9.run(PartRenderingEngine.java:1113)
	at org.eclipse.core.databinding.observable.Realm.runWithDefault(Realm.java:332)
	at org.eclipse.e4.ui.internal.workbench.swt.PartRenderingEngine.run(PartRenderingEngine.java:997)
	at org.eclipse.e4.ui.internal.workbench.E4Workbench.createAndRunUI(E4Workbench.java:140)
	at org.eclipse.ui.internal.Workbench$5.run(Workbench.java:611)
	at org.eclipse.core.databinding.observable.Realm.runWithDefault(Realm.java:332)
	at org.eclipse.ui.internal.Workbench.createAndRunWorkbench(Workbench.java:567)
	at org.eclipse.ui.PlatformUI.createAndRunWorkbench(PlatformUI.java:150)
	at org.eclipse.ui.internal.ide.application.IDEApplication.start(IDEApplication.java:124)
	at org.eclipse.equinox.internal.app.EclipseAppHandle.run(EclipseAppHandle.java:196)
	at org.eclipse.core.runtime.internal.adaptor.EclipseAppLauncher.runApplication(EclipseAppLauncher.java:110)
	at org.eclipse.core.runtime.internal.adaptor.EclipseAppLauncher.start(EclipseAppLauncher.java:79)
	at org.eclipse.core.runtime.adaptor.EclipseStarter.run(EclipseStarter.java:354)
	at org.eclipse.core.runtime.adaptor.EclipseStarter.run(EclipseStarter.java:181)
	at sun.reflect.NativeMethodAccessorImpl.invoke0(Native Method)
	at sun.reflect.NativeMethodAccessorImpl.invoke(Unknown Source)
	at sun.reflect.DelegatingMethodAccessorImpl.invoke(Unknown Source)
	at java.lang.reflect.Method.invoke(Unknown Source)
	at org.eclipse.equinox.launcher.Main.invokeFramework(Main.java:636)
	at org.eclipse.equinox.launcher.Main.basicRun(Main.java:591)
	at org.eclipse.equinox.launcher.Main.run(Main.java:1450)
Caused by: java.lang.IllegalArgumentException: Path must include project and resource name: /knn_bsp
	at org.eclipse.core.runtime.Assert.isLegal(Assert.java:63)
	at org.eclipse.core.internal.resources.Workspace.newResource(Workspace.java:2164)
	at org.eclipse.core.internal.resources.Container.getFolder(Container.java:215)
	at com.xilinx.sdk.sw.ui.handlers.RegenBspSourcesHandler.internalGenerateBsp(RegenBspSourcesHandler.java:169)
	at com.xilinx.sdk.sw.ui.handlers.RegenBspSourcesHandler.access$2(RegenBspSourcesHandler.java:163)
	at com.xilinx.sdk.sw.ui.handlers.RegenBspSourcesHandler$1$1.run(RegenBspSourcesHandler.java:131)
	at org.eclipse.core.internal.resources.Workspace.run(Workspace.java:2345)
	at com.xilinx.sdk.sw.ui.handlers.RegenBspSourcesHandler$1.run(RegenBspSourcesHandler.java:135)
	at org.eclipse.jface.operation.ModalContext$ModalContextThread.run(ModalContext.java:121)
12:52:24 ERROR :  [Hsi 55-1594] Core distip of version 1.0 not found in repositories
12:52:24 ERROR : Unexpected error occurred during generating bsp sources
java.lang.reflect.InvocationTargetException
	at org.eclipse.jface.operation.ModalContext.run(ModalContext.java:421)
	at org.eclipse.jface.dialogs.ProgressMonitorDialog.run(ProgressMonitorDialog.java:507)
	at org.eclipse.ui.internal.progress.ProgressMonitorJobsDialog.run(ProgressMonitorJobsDialog.java:275)
	at org.eclipse.ui.internal.progress.ProgressManager$3.run(ProgressManager.java:960)
	at org.eclipse.swt.custom.BusyIndicator.showWhile(BusyIndicator.java:70)
	at org.eclipse.ui.internal.progress.ProgressManager.busyCursorWhile(ProgressManager.java:995)
	at org.eclipse.ui.internal.progress.ProgressManager.busyCursorWhile(ProgressManager.java:970)
	at org.eclipse.ui.internal.progress.ProgressManager.run(ProgressManager.java:1166)
	at com.xilinx.sdk.sw.ui.handlers.RegenBspSourcesHandler.execute(RegenBspSourcesHandler.java:124)
	at com.xilinx.sdk.sw.ui.handlers.RegenBspSourcesHandler.execute(RegenBspSourcesHandler.java:78)
	at org.eclipse.ui.internal.handlers.HandlerProxy.execute(HandlerProxy.java:290)
	at org.eclipse.ui.internal.handlers.E4HandlerProxy.execute(E4HandlerProxy.java:90)
	at sun.reflect.NativeMethodAccessorImpl.invoke0(Native Method)
	at sun.reflect.NativeMethodAccessorImpl.invoke(Unknown Source)
	at sun.reflect.DelegatingMethodAccessorImpl.invoke(Unknown Source)
	at java.lang.reflect.Method.invoke(Unknown Source)
	at org.eclipse.e4.core.internal.di.MethodRequestor.execute(MethodRequestor.java:56)
	at org.eclipse.e4.core.internal.di.InjectorImpl.invokeUsingClass(InjectorImpl.java:243)
	at org.eclipse.e4.core.internal.di.InjectorImpl.invoke(InjectorImpl.java:224)
	at org.eclipse.e4.core.contexts.ContextInjectionFactory.invoke(ContextInjectionFactory.java:132)
	at org.eclipse.e4.core.commands.internal.HandlerServiceHandler.execute(HandlerServiceHandler.java:167)
	at org.eclipse.core.commands.Command.executeWithChecks(Command.java:499)
	at org.eclipse.core.commands.ParameterizedCommand.executeWithChecks(ParameterizedCommand.java:508)
	at org.eclipse.e4.core.commands.internal.HandlerServiceImpl.executeHandler(HandlerServiceImpl.java:213)
	at org.eclipse.e4.ui.workbench.renderers.swt.HandledContributionItem.executeItem(HandledContributionItem.java:850)
	at org.eclipse.e4.ui.workbench.renderers.swt.HandledContributionItem.handleWidgetSelection(HandledContributionItem.java:743)
	at org.eclipse.e4.ui.workbench.renderers.swt.HandledContributionItem.access$7(HandledContributionItem.java:727)
	at org.eclipse.e4.ui.workbench.renderers.swt.HandledContributionItem$4.handleEvent(HandledContributionItem.java:662)
	at org.eclipse.swt.widgets.EventTable.sendEvent(EventTable.java:84)
	at org.eclipse.swt.widgets.Widget.sendEvent(Widget.java:1057)
	at org.eclipse.swt.widgets.Display.runDeferredEvents(Display.java:4170)
	at org.eclipse.swt.widgets.Display.readAndDispatch(Display.java:3759)
	at org.eclipse.e4.ui.internal.workbench.swt.PartRenderingEngine$9.run(PartRenderingEngine.java:1113)
	at org.eclipse.core.databinding.observable.Realm.runWithDefault(Realm.java:332)
	at org.eclipse.e4.ui.internal.workbench.swt.PartRenderingEngine.run(PartRenderingEngine.java:997)
	at org.eclipse.e4.ui.internal.workbench.E4Workbench.createAndRunUI(E4Workbench.java:140)
	at org.eclipse.ui.internal.Workbench$5.run(Workbench.java:611)
	at org.eclipse.core.databinding.observable.Realm.runWithDefault(Realm.java:332)
	at org.eclipse.ui.internal.Workbench.createAndRunWorkbench(Workbench.java:567)
	at org.eclipse.ui.PlatformUI.createAndRunWorkbench(PlatformUI.java:150)
	at org.eclipse.ui.internal.ide.application.IDEApplication.start(IDEApplication.java:124)
	at org.eclipse.equinox.internal.app.EclipseAppHandle.run(EclipseAppHandle.java:196)
	at org.eclipse.core.runtime.internal.adaptor.EclipseAppLauncher.runApplication(EclipseAppLauncher.java:110)
	at org.eclipse.core.runtime.internal.adaptor.EclipseAppLauncher.start(EclipseAppLauncher.java:79)
	at org.eclipse.core.runtime.adaptor.EclipseStarter.run(EclipseStarter.java:354)
	at org.eclipse.core.runtime.adaptor.EclipseStarter.run(EclipseStarter.java:181)
	at sun.reflect.NativeMethodAccessorImpl.invoke0(Native Method)
	at sun.reflect.NativeMethodAccessorImpl.invoke(Unknown Source)
	at sun.reflect.DelegatingMethodAccessorImpl.invoke(Unknown Source)
	at java.lang.reflect.Method.invoke(Unknown Source)
	at org.eclipse.equinox.launcher.Main.invokeFramework(Main.java:636)
	at org.eclipse.equinox.launcher.Main.basicRun(Main.java:591)
	at org.eclipse.equinox.launcher.Main.run(Main.java:1450)
Caused by: java.lang.IllegalArgumentException: Path must include project and resource name: /knn_bsp
	at org.eclipse.core.runtime.Assert.isLegal(Assert.java:63)
	at org.eclipse.core.internal.resources.Workspace.newResource(Workspace.java:2164)
	at org.eclipse.core.internal.resources.Container.getFolder(Container.java:215)
	at com.xilinx.sdk.sw.ui.handlers.RegenBspSourcesHandler.internalGenerateBsp(RegenBspSourcesHandler.java:169)
	at com.xilinx.sdk.sw.ui.handlers.RegenBspSourcesHandler.access$2(RegenBspSourcesHandler.java:163)
	at com.xilinx.sdk.sw.ui.handlers.RegenBspSourcesHandler$1$1.run(RegenBspSourcesHandler.java:131)
	at org.eclipse.core.internal.resources.Workspace.run(Workspace.java:2345)
	at com.xilinx.sdk.sw.ui.handlers.RegenBspSourcesHandler$1.run(RegenBspSourcesHandler.java:135)
	at org.eclipse.jface.operation.ModalContext$ModalContextThread.run(ModalContext.java:121)
12:52:48 ERROR :  [Hsi 55-1594] Core distip of version 1.0 not found in repositories
 [Hsi 55-1594] Core distip of version 1.0 not found in repositories
 [Hsi 55-1594] Core distip of version 1.0 not found in repositories
12:52:48 ERROR :  [Hsi 55-1594] Core distip of version 1.0 not found in repositories
12:52:48 ERROR :  [Hsi 55-1594] Core distip of version 1.0 not found in repositories
 [Hsi 55-1594] Core distip of version 1.0 not found in repositories
 [Hsi 55-1594] Core distip of version 1.0 not found in repositories
 [Hsi 55-1464] Hardware instance  not found in the design
12:53:15 ERROR :  [Hsi 55-1594] Core distip of version 1.0 not found in repositories
12:53:48 ERROR :  [Hsi 55-1594] Core distip of version 1.0 not found in repositories
12:53:48 ERROR :  [Hsi 55-1594] Core distip of version 1.0 not found in repositories
 [Hsi 55-1594] Core distip of version 1.0 not found in repositories
 [Hsi 55-1594] Core distip of version 1.0 not found in repositories
 [Hsi 55-1430] Driver Name is empty
12:53:48 ERROR :  [Hsi 55-1594] Core distip of version 1.0 not found in repositories
 [Hsi 55-1594] Core distip of version 1.0 not found in repositories
 [Hsi 55-1546] Processor Instance  doesn't exist in Xml/HwDb
12:53:48 ERROR :  [Hsi 55-1594] Core distip of version 1.0 not found in repositories
12:53:48 ERROR :  [Hsi 55-1594] Core distip of version 1.0 not found in repositories
 [Hsi 55-1594] Core distip of version 1.0 not found in repositories
 [Hsi 55-1594] Core distip of version 1.0 not found in repositories
 [Hsi 55-1430] Driver Name is empty
12:53:48 ERROR :  [Hsi 55-1594] Core distip of version 1.0 not found in repositories
 [Hsi 55-1594] Core distip of version 1.0 not found in repositories
 [Hsi 55-1546] Processor Instance  doesn't exist in Xml/HwDb
12:53:49 ERROR :  [Hsi 55-1594] Core distip of version 1.0 not found in repositories
12:53:49 ERROR :  [Hsi 55-1594] Core distip of version 1.0 not found in repositories
 [Hsi 55-1594] Core distip of version 1.0 not found in repositories
 [Hsi 55-1594] Core distip of version 1.0 not found in repositories
 [Hsi 55-1430] Driver Name is empty
12:53:49 ERROR :  [Hsi 55-1594] Core distip of version 1.0 not found in repositories
 [Hsi 55-1594] Core distip of version 1.0 not found in repositories
 [Hsi 55-1546] Processor Instance  doesn't exist in Xml/HwDb
12:56:03 INFO  : Processing command line option -hwspec C:/Users/Teo/Desktop/teo1/teo/project_1/project_1.sdk/design_1_wrapper.hdf.
12:56:06 INFO  : Launching XSDB server: xsdb.bat -s C:/Xilinx/SDK/2014.4/scripts/xsdb/xsdb/xsdb-server.tcl 2450
13:00:38 INFO  : Refreshed build settings on project knntest
13:21:09 INFO  : FPGA configured successfully with bitstream "C:/Users/Teo/Desktop/teo1/teo/project_1/project_1.sdk/design_1_wrapper_hw_platform_2/design_1_wrapper.bit"
13:21:49 INFO  : ps7_init is completed.
13:21:49 INFO  : ps7_post_config is completed.
13:21:49 INFO  : Processor reset is completed for ps7_cortexa9_0
13:37:39 ERROR : Unexpected error while parsing XMD response ?: com.google.gson.JsonSyntaxException: com.google.gson.stream.MalformedJsonException: invalid number or unquoted string near 
