Copyright 1986-2014 Xilinx, Inc. All Rights Reserved.
------------------------------------------------------------------------------------
| Tool Version : Vivado v.2014.4 (win64) Build 1071353 Tue Nov 18 18:29:27 MST 2014
| Date         : Mon Jul 20 18:30:39 2015
| Host         : HP running 64-bit major release  (build 9200)
| Command      : report_drc
------------------------------------------------------------------------------------

Report DRC

Table of Contents
-----------------
1. REPORT SUMMARY
2. REPORT DETAILS

1. REPORT SUMMARY
-----------------
            Netlist: netlist
          Floorplan: design_1
      Design limits: <entire design considered>
           Ruledeck: default
           Max violations: <unlimited>
         Violations found: 66

2. REPORT DETAILS
-----------------
CFGBVS-1#1 Warning
Missing CFGBVS and CONFIG_VOLTAGE Design Properties  
Neither the CFGBVS nor CONFIG_VOLTAGE voltage property is set in the current_design.  Configuration bank voltage select (CFGBVS) must be set to VCCO or GND, and CONFIG_VOLTAGE must be set to the correct configuration voltage, in order to determine the I/O voltage support for the pins in bank 0.  It is suggested to specify these either using the 'Edit Device Properties' function in the GUI or directly in the XDC file using the following syntax:

 set_property CFGBVS value1 [current_design]
 #where value1 is either VCCO or GND

 set_property CONFIG_VOLTAGE value2 [current_design]
 #where value2 is the voltage provided to configuration bank 0

Refer to the device configuration user guide for more information.
Related violations: <none>

DPOP-1#1 Warning
Output pipelining  
DSP design_1_i/distip_0/U0/distip_v1_0_S00_AXI_inst/buffunct_0/buffunct_mul_32s_32s_32_6_U10/buffunct_mul_32s_32s_32_6_MulnS_0_U/buff0_reg output P is not pipelined. Pipelining DSP48 output will improve performance. Both multiplier/adder output can be pipelined.
Related violations: <none>

DPOP-1#2 Warning
Output pipelining  
DSP design_1_i/distip_0/U0/distip_v1_0_S00_AXI_inst/buffunct_0/buffunct_mul_32s_32s_32_6_U11/buffunct_mul_32s_32s_32_6_MulnS_0_U/buff0_reg output P is not pipelined. Pipelining DSP48 output will improve performance. Both multiplier/adder output can be pipelined.
Related violations: <none>

DPOP-1#3 Warning
Output pipelining  
DSP design_1_i/distip_0/U0/distip_v1_0_S00_AXI_inst/buffunct_0/buffunct_mul_32s_32s_32_6_U12/buffunct_mul_32s_32s_32_6_MulnS_0_U/buff0_reg output P is not pipelined. Pipelining DSP48 output will improve performance. Both multiplier/adder output can be pipelined.
Related violations: <none>

DPOP-1#4 Warning
Output pipelining  
DSP design_1_i/distip_0/U0/distip_v1_0_S00_AXI_inst/buffunct_0/buffunct_mul_32s_32s_32_6_U13/buffunct_mul_32s_32s_32_6_MulnS_0_U/buff0_reg output P is not pipelined. Pipelining DSP48 output will improve performance. Both multiplier/adder output can be pipelined.
Related violations: <none>

DPOP-1#5 Warning
Output pipelining  
DSP design_1_i/distip_0/U0/distip_v1_0_S00_AXI_inst/buffunct_0/buffunct_mul_32s_32s_32_6_U14/buffunct_mul_32s_32s_32_6_MulnS_0_U/buff0_reg output P is not pipelined. Pipelining DSP48 output will improve performance. Both multiplier/adder output can be pipelined.
Related violations: <none>

DPOP-1#6 Warning
Output pipelining  
DSP design_1_i/distip_0/U0/distip_v1_0_S00_AXI_inst/buffunct_0/buffunct_mul_32s_32s_32_6_U15/buffunct_mul_32s_32s_32_6_MulnS_0_U/buff0_reg output P is not pipelined. Pipelining DSP48 output will improve performance. Both multiplier/adder output can be pipelined.
Related violations: <none>

DPOP-1#7 Warning
Output pipelining  
DSP design_1_i/distip_0/U0/distip_v1_0_S00_AXI_inst/buffunct_0/buffunct_mul_32s_32s_32_6_U16/buffunct_mul_32s_32s_32_6_MulnS_0_U/buff0_reg output P is not pipelined. Pipelining DSP48 output will improve performance. Both multiplier/adder output can be pipelined.
Related violations: <none>

DPOP-1#8 Warning
Output pipelining  
DSP design_1_i/distip_0/U0/distip_v1_0_S00_AXI_inst/buffunct_0/buffunct_mul_32s_32s_32_6_U17/buffunct_mul_32s_32s_32_6_MulnS_0_U/buff0_reg output P is not pipelined. Pipelining DSP48 output will improve performance. Both multiplier/adder output can be pipelined.
Related violations: <none>

DPOP-1#9 Warning
Output pipelining  
DSP design_1_i/distip_0/U0/distip_v1_0_S00_AXI_inst/buffunct_0/buffunct_mul_32s_32s_32_6_U18/buffunct_mul_32s_32s_32_6_MulnS_0_U/buff0_reg output P is not pipelined. Pipelining DSP48 output will improve performance. Both multiplier/adder output can be pipelined.
Related violations: <none>

DPOP-1#10 Warning
Output pipelining  
DSP design_1_i/distip_0/U0/distip_v1_0_S00_AXI_inst/buffunct_0/buffunct_mul_32s_32s_32_6_U19/buffunct_mul_32s_32s_32_6_MulnS_0_U/buff0_reg output P is not pipelined. Pipelining DSP48 output will improve performance. Both multiplier/adder output can be pipelined.
Related violations: <none>

DPOP-1#11 Warning
Output pipelining  
DSP design_1_i/distip_0/U0/distip_v1_0_S00_AXI_inst/buffunct_0/buffunct_mul_32s_32s_32_6_U20/buffunct_mul_32s_32s_32_6_MulnS_0_U/buff0_reg output P is not pipelined. Pipelining DSP48 output will improve performance. Both multiplier/adder output can be pipelined.
Related violations: <none>

DPOP-1#12 Warning
Output pipelining  
DSP design_1_i/distip_0/U0/distip_v1_0_S00_AXI_inst/buffunct_0/buffunct_mul_32s_32s_32_6_U21/buffunct_mul_32s_32s_32_6_MulnS_0_U/buff0_reg output P is not pipelined. Pipelining DSP48 output will improve performance. Both multiplier/adder output can be pipelined.
Related violations: <none>

DPOP-1#13 Warning
Output pipelining  
DSP design_1_i/distip_0/U0/distip_v1_0_S00_AXI_inst/buffunct_0/buffunct_mul_32s_32s_32_6_U22/buffunct_mul_32s_32s_32_6_MulnS_0_U/buff0_reg output P is not pipelined. Pipelining DSP48 output will improve performance. Both multiplier/adder output can be pipelined.
Related violations: <none>

DPOP-1#14 Warning
Output pipelining  
DSP design_1_i/distip_0/U0/distip_v1_0_S00_AXI_inst/buffunct_0/buffunct_mul_32s_32s_32_6_U23/buffunct_mul_32s_32s_32_6_MulnS_0_U/buff0_reg output P is not pipelined. Pipelining DSP48 output will improve performance. Both multiplier/adder output can be pipelined.
Related violations: <none>

DPOP-1#15 Warning
Output pipelining  
DSP design_1_i/distip_0/U0/distip_v1_0_S00_AXI_inst/buffunct_0/buffunct_mul_32s_32s_32_6_U24/buffunct_mul_32s_32s_32_6_MulnS_0_U/buff0_reg output P is not pipelined. Pipelining DSP48 output will improve performance. Both multiplier/adder output can be pipelined.
Related violations: <none>

DPOP-1#16 Warning
Output pipelining  
DSP design_1_i/distip_0/U0/distip_v1_0_S00_AXI_inst/buffunct_0/buffunct_mul_32s_32s_32_6_U25/buffunct_mul_32s_32s_32_6_MulnS_0_U/buff0_reg output P is not pipelined. Pipelining DSP48 output will improve performance. Both multiplier/adder output can be pipelined.
Related violations: <none>

DPOP-1#17 Warning
Output pipelining  
DSP design_1_i/distip_0/U0/distip_v1_0_S00_AXI_inst/buffunct_0/buffunct_mul_32s_32s_32_6_U26/buffunct_mul_32s_32s_32_6_MulnS_0_U/buff0_reg output P is not pipelined. Pipelining DSP48 output will improve performance. Both multiplier/adder output can be pipelined.
Related violations: <none>

DPOP-1#18 Warning
Output pipelining  
DSP design_1_i/distip_0/U0/distip_v1_0_S00_AXI_inst/buffunct_0/buffunct_mul_32s_32s_32_6_U27/buffunct_mul_32s_32s_32_6_MulnS_0_U/buff0_reg output P is not pipelined. Pipelining DSP48 output will improve performance. Both multiplier/adder output can be pipelined.
Related violations: <none>

DPOP-1#19 Warning
Output pipelining  
DSP design_1_i/distip_0/U0/distip_v1_0_S00_AXI_inst/buffunct_0/buffunct_mul_32s_32s_32_6_U28/buffunct_mul_32s_32s_32_6_MulnS_0_U/buff0_reg output P is not pipelined. Pipelining DSP48 output will improve performance. Both multiplier/adder output can be pipelined.
Related violations: <none>

DPOP-1#20 Warning
Output pipelining  
DSP design_1_i/distip_0/U0/distip_v1_0_S00_AXI_inst/buffunct_0/buffunct_mul_32s_32s_32_6_U29/buffunct_mul_32s_32s_32_6_MulnS_0_U/buff0_reg output P is not pipelined. Pipelining DSP48 output will improve performance. Both multiplier/adder output can be pipelined.
Related violations: <none>

DPOP-1#21 Warning
Output pipelining  
DSP design_1_i/distip_0/U0/distip_v1_0_S00_AXI_inst/buffunct_0/buffunct_mul_32s_32s_32_6_U3/buffunct_mul_32s_32s_32_6_MulnS_0_U/buff0_reg output P is not pipelined. Pipelining DSP48 output will improve performance. Both multiplier/adder output can be pipelined.
Related violations: <none>

DPOP-1#22 Warning
Output pipelining  
DSP design_1_i/distip_0/U0/distip_v1_0_S00_AXI_inst/buffunct_0/buffunct_mul_32s_32s_32_6_U30/buffunct_mul_32s_32s_32_6_MulnS_0_U/buff0_reg output P is not pipelined. Pipelining DSP48 output will improve performance. Both multiplier/adder output can be pipelined.
Related violations: <none>

DPOP-1#23 Warning
Output pipelining  
DSP design_1_i/distip_0/U0/distip_v1_0_S00_AXI_inst/buffunct_0/buffunct_mul_32s_32s_32_6_U31/buffunct_mul_32s_32s_32_6_MulnS_0_U/buff0_reg output P is not pipelined. Pipelining DSP48 output will improve performance. Both multiplier/adder output can be pipelined.
Related violations: <none>

DPOP-1#24 Warning
Output pipelining  
DSP design_1_i/distip_0/U0/distip_v1_0_S00_AXI_inst/buffunct_0/buffunct_mul_32s_32s_32_6_U32/buffunct_mul_32s_32s_32_6_MulnS_0_U/buff0_reg output P is not pipelined. Pipelining DSP48 output will improve performance. Both multiplier/adder output can be pipelined.
Related violations: <none>

DPOP-1#25 Warning
Output pipelining  
DSP design_1_i/distip_0/U0/distip_v1_0_S00_AXI_inst/buffunct_0/buffunct_mul_32s_32s_32_6_U33/buffunct_mul_32s_32s_32_6_MulnS_0_U/buff0_reg output P is not pipelined. Pipelining DSP48 output will improve performance. Both multiplier/adder output can be pipelined.
Related violations: <none>

DPOP-1#26 Warning
Output pipelining  
DSP design_1_i/distip_0/U0/distip_v1_0_S00_AXI_inst/buffunct_0/buffunct_mul_32s_32s_32_6_U34/buffunct_mul_32s_32s_32_6_MulnS_0_U/buff0_reg output P is not pipelined. Pipelining DSP48 output will improve performance. Both multiplier/adder output can be pipelined.
Related violations: <none>

DPOP-1#27 Warning
Output pipelining  
DSP design_1_i/distip_0/U0/distip_v1_0_S00_AXI_inst/buffunct_0/buffunct_mul_32s_32s_32_6_U35/buffunct_mul_32s_32s_32_6_MulnS_0_U/buff0_reg output P is not pipelined. Pipelining DSP48 output will improve performance. Both multiplier/adder output can be pipelined.
Related violations: <none>

DPOP-1#28 Warning
Output pipelining  
DSP design_1_i/distip_0/U0/distip_v1_0_S00_AXI_inst/buffunct_0/buffunct_mul_32s_32s_32_6_U36/buffunct_mul_32s_32s_32_6_MulnS_0_U/buff0_reg output P is not pipelined. Pipelining DSP48 output will improve performance. Both multiplier/adder output can be pipelined.
Related violations: <none>

DPOP-1#29 Warning
Output pipelining  
DSP design_1_i/distip_0/U0/distip_v1_0_S00_AXI_inst/buffunct_0/buffunct_mul_32s_32s_32_6_U37/buffunct_mul_32s_32s_32_6_MulnS_0_U/buff0_reg output P is not pipelined. Pipelining DSP48 output will improve performance. Both multiplier/adder output can be pipelined.
Related violations: <none>

DPOP-1#30 Warning
Output pipelining  
DSP design_1_i/distip_0/U0/distip_v1_0_S00_AXI_inst/buffunct_0/buffunct_mul_32s_32s_32_6_U38/buffunct_mul_32s_32s_32_6_MulnS_0_U/buff0_reg output P is not pipelined. Pipelining DSP48 output will improve performance. Both multiplier/adder output can be pipelined.
Related violations: <none>

DPOP-1#31 Warning
Output pipelining  
DSP design_1_i/distip_0/U0/distip_v1_0_S00_AXI_inst/buffunct_0/buffunct_mul_32s_32s_32_6_U39/buffunct_mul_32s_32s_32_6_MulnS_0_U/buff0_reg output P is not pipelined. Pipelining DSP48 output will improve performance. Both multiplier/adder output can be pipelined.
Related violations: <none>

DPOP-1#32 Warning
Output pipelining  
DSP design_1_i/distip_0/U0/distip_v1_0_S00_AXI_inst/buffunct_0/buffunct_mul_32s_32s_32_6_U4/buffunct_mul_32s_32s_32_6_MulnS_0_U/buff0_reg output P is not pipelined. Pipelining DSP48 output will improve performance. Both multiplier/adder output can be pipelined.
Related violations: <none>

DPOP-1#33 Warning
Output pipelining  
DSP design_1_i/distip_0/U0/distip_v1_0_S00_AXI_inst/buffunct_0/buffunct_mul_32s_32s_32_6_U40/buffunct_mul_32s_32s_32_6_MulnS_0_U/buff0_reg output P is not pipelined. Pipelining DSP48 output will improve performance. Both multiplier/adder output can be pipelined.
Related violations: <none>

DPOP-1#34 Warning
Output pipelining  
DSP design_1_i/distip_0/U0/distip_v1_0_S00_AXI_inst/buffunct_0/buffunct_mul_32s_32s_32_6_U41/buffunct_mul_32s_32s_32_6_MulnS_0_U/buff0_reg output P is not pipelined. Pipelining DSP48 output will improve performance. Both multiplier/adder output can be pipelined.
Related violations: <none>

DPOP-1#35 Warning
Output pipelining  
DSP design_1_i/distip_0/U0/distip_v1_0_S00_AXI_inst/buffunct_0/buffunct_mul_32s_32s_32_6_U42/buffunct_mul_32s_32s_32_6_MulnS_0_U/buff0_reg output P is not pipelined. Pipelining DSP48 output will improve performance. Both multiplier/adder output can be pipelined.
Related violations: <none>

DPOP-1#36 Warning
Output pipelining  
DSP design_1_i/distip_0/U0/distip_v1_0_S00_AXI_inst/buffunct_0/buffunct_mul_32s_32s_32_6_U43/buffunct_mul_32s_32s_32_6_MulnS_0_U/buff0_reg output P is not pipelined. Pipelining DSP48 output will improve performance. Both multiplier/adder output can be pipelined.
Related violations: <none>

DPOP-1#37 Warning
Output pipelining  
DSP design_1_i/distip_0/U0/distip_v1_0_S00_AXI_inst/buffunct_0/buffunct_mul_32s_32s_32_6_U44/buffunct_mul_32s_32s_32_6_MulnS_0_U/buff0_reg output P is not pipelined. Pipelining DSP48 output will improve performance. Both multiplier/adder output can be pipelined.
Related violations: <none>

DPOP-1#38 Warning
Output pipelining  
DSP design_1_i/distip_0/U0/distip_v1_0_S00_AXI_inst/buffunct_0/buffunct_mul_32s_32s_32_6_U45/buffunct_mul_32s_32s_32_6_MulnS_0_U/buff0_reg output P is not pipelined. Pipelining DSP48 output will improve performance. Both multiplier/adder output can be pipelined.
Related violations: <none>

DPOP-1#39 Warning
Output pipelining  
DSP design_1_i/distip_0/U0/distip_v1_0_S00_AXI_inst/buffunct_0/buffunct_mul_32s_32s_32_6_U46/buffunct_mul_32s_32s_32_6_MulnS_0_U/buff0_reg output P is not pipelined. Pipelining DSP48 output will improve performance. Both multiplier/adder output can be pipelined.
Related violations: <none>

DPOP-1#40 Warning
Output pipelining  
DSP design_1_i/distip_0/U0/distip_v1_0_S00_AXI_inst/buffunct_0/buffunct_mul_32s_32s_32_6_U47/buffunct_mul_32s_32s_32_6_MulnS_0_U/buff0_reg output P is not pipelined. Pipelining DSP48 output will improve performance. Both multiplier/adder output can be pipelined.
Related violations: <none>

DPOP-1#41 Warning
Output pipelining  
DSP design_1_i/distip_0/U0/distip_v1_0_S00_AXI_inst/buffunct_0/buffunct_mul_32s_32s_32_6_U48/buffunct_mul_32s_32s_32_6_MulnS_0_U/buff0_reg output P is not pipelined. Pipelining DSP48 output will improve performance. Both multiplier/adder output can be pipelined.
Related violations: <none>

DPOP-1#42 Warning
Output pipelining  
DSP design_1_i/distip_0/U0/distip_v1_0_S00_AXI_inst/buffunct_0/buffunct_mul_32s_32s_32_6_U49/buffunct_mul_32s_32s_32_6_MulnS_0_U/buff0_reg output P is not pipelined. Pipelining DSP48 output will improve performance. Both multiplier/adder output can be pipelined.
Related violations: <none>

DPOP-1#43 Warning
Output pipelining  
DSP design_1_i/distip_0/U0/distip_v1_0_S00_AXI_inst/buffunct_0/buffunct_mul_32s_32s_32_6_U5/buffunct_mul_32s_32s_32_6_MulnS_0_U/buff0_reg output P is not pipelined. Pipelining DSP48 output will improve performance. Both multiplier/adder output can be pipelined.
Related violations: <none>

DPOP-1#44 Warning
Output pipelining  
DSP design_1_i/distip_0/U0/distip_v1_0_S00_AXI_inst/buffunct_0/buffunct_mul_32s_32s_32_6_U50/buffunct_mul_32s_32s_32_6_MulnS_0_U/buff0_reg output P is not pipelined. Pipelining DSP48 output will improve performance. Both multiplier/adder output can be pipelined.
Related violations: <none>

DPOP-1#45 Warning
Output pipelining  
DSP design_1_i/distip_0/U0/distip_v1_0_S00_AXI_inst/buffunct_0/buffunct_mul_32s_32s_32_6_U51/buffunct_mul_32s_32s_32_6_MulnS_0_U/buff0_reg output P is not pipelined. Pipelining DSP48 output will improve performance. Both multiplier/adder output can be pipelined.
Related violations: <none>

DPOP-1#46 Warning
Output pipelining  
DSP design_1_i/distip_0/U0/distip_v1_0_S00_AXI_inst/buffunct_0/buffunct_mul_32s_32s_32_6_U52/buffunct_mul_32s_32s_32_6_MulnS_0_U/buff0_reg output P is not pipelined. Pipelining DSP48 output will improve performance. Both multiplier/adder output can be pipelined.
Related violations: <none>

DPOP-1#47 Warning
Output pipelining  
DSP design_1_i/distip_0/U0/distip_v1_0_S00_AXI_inst/buffunct_0/buffunct_mul_32s_32s_32_6_U53/buffunct_mul_32s_32s_32_6_MulnS_0_U/buff0_reg output P is not pipelined. Pipelining DSP48 output will improve performance. Both multiplier/adder output can be pipelined.
Related violations: <none>

DPOP-1#48 Warning
Output pipelining  
DSP design_1_i/distip_0/U0/distip_v1_0_S00_AXI_inst/buffunct_0/buffunct_mul_32s_32s_32_6_U54/buffunct_mul_32s_32s_32_6_MulnS_0_U/buff0_reg output P is not pipelined. Pipelining DSP48 output will improve performance. Both multiplier/adder output can be pipelined.
Related violations: <none>

DPOP-1#49 Warning
Output pipelining  
DSP design_1_i/distip_0/U0/distip_v1_0_S00_AXI_inst/buffunct_0/buffunct_mul_32s_32s_32_6_U55/buffunct_mul_32s_32s_32_6_MulnS_0_U/buff0_reg output P is not pipelined. Pipelining DSP48 output will improve performance. Both multiplier/adder output can be pipelined.
Related violations: <none>

DPOP-1#50 Warning
Output pipelining  
DSP design_1_i/distip_0/U0/distip_v1_0_S00_AXI_inst/buffunct_0/buffunct_mul_32s_32s_32_6_U56/buffunct_mul_32s_32s_32_6_MulnS_0_U/buff0_reg output P is not pipelined. Pipelining DSP48 output will improve performance. Both multiplier/adder output can be pipelined.
Related violations: <none>

DPOP-1#51 Warning
Output pipelining  
DSP design_1_i/distip_0/U0/distip_v1_0_S00_AXI_inst/buffunct_0/buffunct_mul_32s_32s_32_6_U57/buffunct_mul_32s_32s_32_6_MulnS_0_U/buff0_reg output P is not pipelined. Pipelining DSP48 output will improve performance. Both multiplier/adder output can be pipelined.
Related violations: <none>

DPOP-1#52 Warning
Output pipelining  
DSP design_1_i/distip_0/U0/distip_v1_0_S00_AXI_inst/buffunct_0/buffunct_mul_32s_32s_32_6_U58/buffunct_mul_32s_32s_32_6_MulnS_0_U/buff0_reg output P is not pipelined. Pipelining DSP48 output will improve performance. Both multiplier/adder output can be pipelined.
Related violations: <none>

DPOP-1#53 Warning
Output pipelining  
DSP design_1_i/distip_0/U0/distip_v1_0_S00_AXI_inst/buffunct_0/buffunct_mul_32s_32s_32_6_U59/buffunct_mul_32s_32s_32_6_MulnS_0_U/buff0_reg output P is not pipelined. Pipelining DSP48 output will improve performance. Both multiplier/adder output can be pipelined.
Related violations: <none>

DPOP-1#54 Warning
Output pipelining  
DSP design_1_i/distip_0/U0/distip_v1_0_S00_AXI_inst/buffunct_0/buffunct_mul_32s_32s_32_6_U6/buffunct_mul_32s_32s_32_6_MulnS_0_U/buff0_reg output P is not pipelined. Pipelining DSP48 output will improve performance. Both multiplier/adder output can be pipelined.
Related violations: <none>

DPOP-1#55 Warning
Output pipelining  
DSP design_1_i/distip_0/U0/distip_v1_0_S00_AXI_inst/buffunct_0/buffunct_mul_32s_32s_32_6_U60/buffunct_mul_32s_32s_32_6_MulnS_0_U/buff0_reg output P is not pipelined. Pipelining DSP48 output will improve performance. Both multiplier/adder output can be pipelined.
Related violations: <none>

DPOP-1#56 Warning
Output pipelining  
DSP design_1_i/distip_0/U0/distip_v1_0_S00_AXI_inst/buffunct_0/buffunct_mul_32s_32s_32_6_U61/buffunct_mul_32s_32s_32_6_MulnS_0_U/buff0_reg output P is not pipelined. Pipelining DSP48 output will improve performance. Both multiplier/adder output can be pipelined.
Related violations: <none>

DPOP-1#57 Warning
Output pipelining  
DSP design_1_i/distip_0/U0/distip_v1_0_S00_AXI_inst/buffunct_0/buffunct_mul_32s_32s_32_6_U62/buffunct_mul_32s_32s_32_6_MulnS_0_U/buff0_reg output P is not pipelined. Pipelining DSP48 output will improve performance. Both multiplier/adder output can be pipelined.
Related violations: <none>

DPOP-1#58 Warning
Output pipelining  
DSP design_1_i/distip_0/U0/distip_v1_0_S00_AXI_inst/buffunct_0/buffunct_mul_32s_32s_32_6_U63/buffunct_mul_32s_32s_32_6_MulnS_0_U/buff0_reg output P is not pipelined. Pipelining DSP48 output will improve performance. Both multiplier/adder output can be pipelined.
Related violations: <none>

DPOP-1#59 Warning
Output pipelining  
DSP design_1_i/distip_0/U0/distip_v1_0_S00_AXI_inst/buffunct_0/buffunct_mul_32s_32s_32_6_U64/buffunct_mul_32s_32s_32_6_MulnS_0_U/buff0_reg output P is not pipelined. Pipelining DSP48 output will improve performance. Both multiplier/adder output can be pipelined.
Related violations: <none>

DPOP-1#60 Warning
Output pipelining  
DSP design_1_i/distip_0/U0/distip_v1_0_S00_AXI_inst/buffunct_0/buffunct_mul_32s_32s_32_6_U65/buffunct_mul_32s_32s_32_6_MulnS_0_U/buff0_reg output P is not pipelined. Pipelining DSP48 output will improve performance. Both multiplier/adder output can be pipelined.
Related violations: <none>

DPOP-1#61 Warning
Output pipelining  
DSP design_1_i/distip_0/U0/distip_v1_0_S00_AXI_inst/buffunct_0/buffunct_mul_32s_32s_32_6_U66/buffunct_mul_32s_32s_32_6_MulnS_0_U/buff0_reg output P is not pipelined. Pipelining DSP48 output will improve performance. Both multiplier/adder output can be pipelined.
Related violations: <none>

DPOP-1#62 Warning
Output pipelining  
DSP design_1_i/distip_0/U0/distip_v1_0_S00_AXI_inst/buffunct_0/buffunct_mul_32s_32s_32_6_U7/buffunct_mul_32s_32s_32_6_MulnS_0_U/buff0_reg output P is not pipelined. Pipelining DSP48 output will improve performance. Both multiplier/adder output can be pipelined.
Related violations: <none>

DPOP-1#63 Warning
Output pipelining  
DSP design_1_i/distip_0/U0/distip_v1_0_S00_AXI_inst/buffunct_0/buffunct_mul_32s_32s_32_6_U8/buffunct_mul_32s_32s_32_6_MulnS_0_U/buff0_reg output P is not pipelined. Pipelining DSP48 output will improve performance. Both multiplier/adder output can be pipelined.
Related violations: <none>

DPOP-1#64 Warning
Output pipelining  
DSP design_1_i/distip_0/U0/distip_v1_0_S00_AXI_inst/buffunct_0/buffunct_mul_32s_32s_32_6_U9/buffunct_mul_32s_32s_32_6_MulnS_0_U/buff0_reg output P is not pipelined. Pipelining DSP48 output will improve performance. Both multiplier/adder output can be pipelined.
Related violations: <none>

PLIO-7#1 Warning
Placement Constraints Check for IO constraints  
An IO Bus FIXED_IO_mio[53:0] with more than one IO standard is found. Components associated with this bus are:  FIXED_IO_mio[53] of IOStandard LVCMOS18; FIXED_IO_mio[52] of IOStandard LVCMOS18; FIXED_IO_mio[51] of IOStandard LVCMOS18; FIXED_IO_mio[50] of IOStandard LVCMOS18; FIXED_IO_mio[49] of IOStandard LVCMOS18; FIXED_IO_mio[48] of IOStandard LVCMOS18; FIXED_IO_mio[47] of IOStandard LVCMOS18; FIXED_IO_mio[46] of IOStandard LVCMOS18; FIXED_IO_mio[45] of IOStandard LVCMOS18; FIXED_IO_mio[44] of IOStandard LVCMOS18; FIXED_IO_mio[43] of IOStandard LVCMOS18; FIXED_IO_mio[42] of IOStandard LVCMOS18; FIXED_IO_mio[41] of IOStandard LVCMOS18; FIXED_IO_mio[40] of IOStandard LVCMOS18; FIXED_IO_mio[39] of IOStandard LVCMOS18; FIXED_IO_mio[38] of IOStandard LVCMOS18; FIXED_IO_mio[37] of IOStandard LVCMOS18; FIXED_IO_mio[36] of IOStandard LVCMOS18; FIXED_IO_mio[35] of IOStandard LVCMOS18; FIXED_IO_mio[34] of IOStandard LVCMOS18; FIXED_IO_mio[33] of IOStandard LVCMOS18; FIXED_IO_mio[32] of IOStandard LVCMOS18; FIXED_IO_mio[31] of IOStandard LVCMOS18; FIXED_IO_mio[30] of IOStandard LVCMOS18; FIXED_IO_mio[29] of IOStandard LVCMOS18; FIXED_IO_mio[28] of IOStandard LVCMOS18; FIXED_IO_mio[27] of IOStandard LVCMOS18; FIXED_IO_mio[26] of IOStandard LVCMOS18; FIXED_IO_mio[25] of IOStandard LVCMOS18; FIXED_IO_mio[24] of IOStandard LVCMOS18; FIXED_IO_mio[23] of IOStandard LVCMOS18; FIXED_IO_mio[22] of IOStandard LVCMOS18; FIXED_IO_mio[21] of IOStandard LVCMOS18; FIXED_IO_mio[20] of IOStandard LVCMOS18; FIXED_IO_mio[19] of IOStandard LVCMOS18; FIXED_IO_mio[18] of IOStandard LVCMOS18; FIXED_IO_mio[17] of IOStandard LVCMOS18; FIXED_IO_mio[16] of IOStandard LVCMOS18; FIXED_IO_mio[15] of IOStandard LVCMOS33; FIXED_IO_mio[14] of IOStandard LVCMOS33; FIXED_IO_mio[13] of IOStandard LVCMOS33; FIXED_IO_mio[12] of IOStandard LVCMOS33; FIXED_IO_mio[11] of IOStandard LVCMOS33; FIXED_IO_mio[10] of IOStandard LVCMOS33; FIXED_IO_mio[9] of IOStandard LVCMOS33; FIXED_IO_mio[8] of IOStandard LVCMOS33; FIXED_IO_mio[7] of IOStandard LVCMOS33; FIXED_IO_mio[6] of IOStandard LVCMOS33; FIXED_IO_mio[5] of IOStandard LVCMOS33; FIXED_IO_mio[4] of IOStandard LVCMOS33; FIXED_IO_mio[3] of IOStandard LVCMOS33; FIXED_IO_mio[2] of IOStandard LVCMOS33; FIXED_IO_mio[1] of IOStandard LVCMOS33; FIXED_IO_mio[0] of IOStandard LVCMOS33;
Related violations: <none>


