
*** Running vivado
    with args -log design_1_wrapper.vds -m64 -mode batch -messageDb vivado.pb -source design_1_wrapper.tcl


****** Vivado v2014.4 (64-bit)
  **** SW Build 1071353 on Tue Nov 18 18:29:27 MST 2014
  **** IP Build 1070531 on Tue Nov 18 01:10:18 MST 2014
    ** Copyright 1986-2014 Xilinx, Inc. All Rights Reserved.

source design_1_wrapper.tcl
# set_param gui.test TreeTableDev
# debug::add_scope template.lib 1
# set_msg_config -id {HDL 9-1061} -limit 100000
# set_msg_config -id {HDL 9-1654} -limit 100000
# create_project -in_memory -part xc7z020clg484-1
# set_param project.compositeFile.enableAutoGeneration 0
# set_param synth.vivado.isSynthRun true
# set_property webtalk.parent_dir C:/Users/INTEL/Desktop/KNN_code/project_1/project_1.cache/wt [current_project]
# set_property parent.project_path C:/Users/INTEL/Desktop/KNN_code/project_1/project_1.xpr [current_project]
# set_property default_lib xil_defaultlib [current_project]
# set_property target_language VHDL [current_project]
# set_property board_part em.avnet.com:zed:part0:1.2 [current_project]
# set_property ip_repo_paths {
#   C:/Users/INTEL/Desktop/KNN_code/dist_repo/distip_1.0
#   C:/Users/INTEL/Desktop/KNN_code/ip_repo/descip_1.0
#   C:/Users/INTEL/Desktop/KNN_code/ip_repo/descip_1.0
#   C:/Users/INTEL/Desktop/KNN_code/project_1/ip/myip_1.0
# } [current_project]
# add_files -quiet C:/Users/INTEL/Desktop/KNN_code/project_1/project_1.runs/design_1_synth_1/design_1.dcp
# set_property used_in_implementation false [get_files C:/Users/INTEL/Desktop/KNN_code/project_1/project_1.runs/design_1_synth_1/design_1.dcp]
# read_vhdl -library xil_defaultlib C:/Users/INTEL/Desktop/KNN_code/project_1/project_1.srcs/sources_1/bd/design_1/hdl/design_1_wrapper.vhd
# catch { write_hwdef -file design_1_wrapper.hwdef }
INFO: [Vivado_Tcl 4-279] hardware handoff file cannot be generated as there is no block diagram instance in the design
# synth_design -top design_1_wrapper -part xc7z020clg484-1
Command: synth_design -top design_1_wrapper -part xc7z020clg484-1
Starting synth_design
Attempting to get a license for feature 'Synthesis' and/or device 'xc7z020'
INFO: [Common 17-349] Got license for feature 'Synthesis' and/or device 'xc7z020'
---------------------------------------------------------------------------------
Starting RTL Elaboration : Time (s): cpu = 00:00:15 ; elapsed = 00:00:41 . Memory (MB): peak = 238.973 ; gain = 80.629
---------------------------------------------------------------------------------
INFO: [Synth 8-638] synthesizing module 'design_1_wrapper' [C:/Users/INTEL/Desktop/KNN_code/project_1/project_1.srcs/sources_1/bd/design_1/hdl/design_1_wrapper.vhd:41]
INFO: [Synth 8-3491] module 'design_1' declared at 'C:/Users/INTEL/Desktop/KNN_code/project_1/project_1.runs/synth_2/.Xil/Vivado-6072-HP/realtime/design_1_stub.vhdl:5' bound to instance 'design_1_i' of component 'design_1' [C:/Users/INTEL/Desktop/KNN_code/project_1/project_1.srcs/sources_1/bd/design_1/hdl/design_1_wrapper.vhd:69]
INFO: [Synth 8-638] synthesizing module 'design_1' [C:/Users/INTEL/Desktop/KNN_code/project_1/project_1.runs/synth_2/.Xil/Vivado-6072-HP/realtime/design_1_stub.vhdl:33]
INFO: [Synth 8-256] done synthesizing module 'design_1_wrapper' (1#1) [C:/Users/INTEL/Desktop/KNN_code/project_1/project_1.srcs/sources_1/bd/design_1/hdl/design_1_wrapper.vhd:41]
---------------------------------------------------------------------------------
Finished RTL Elaboration : Time (s): cpu = 00:00:19 ; elapsed = 00:00:45 . Memory (MB): peak = 273.164 ; gain = 114.820
---------------------------------------------------------------------------------

Report Check Netlist: 
+------+------------------+-------+---------+-------+------------------+
|      |Item              |Errors |Warnings |Status |Description       |
+------+------------------+-------+---------+-------+------------------+
|1     |multi_driven_nets |      0|        0|Passed |Multi driven nets |
+------+------------------+-------+---------+-------+------------------+
---------------------------------------------------------------------------------
Finished RTL Optimization Phase 1 : Time (s): cpu = 00:00:19 ; elapsed = 00:00:46 . Memory (MB): peak = 273.164 ; gain = 114.820
---------------------------------------------------------------------------------
Loading clock regions from C:/Xilinx/Vivado/2014.4/data\parts/xilinx/zynq/zynq/xc7z020/ClockRegion.xml
Loading clock buffers from C:/Xilinx/Vivado/2014.4/data\parts/xilinx/zynq/zynq/xc7z020/ClockBuffers.xml
Loading clock placement rules from C:/Xilinx/Vivado/2014.4/data/parts/xilinx/zynq/ClockPlacerRules.xml
Loading package pin functions from C:/Xilinx/Vivado/2014.4/data\parts/xilinx/zynq/PinFunctions.xml...
Loading package from C:/Xilinx/Vivado/2014.4/data\parts/xilinx/zynq/zynq/xc7z020/clg484/Package.xml
Loading io standards from C:/Xilinx/Vivado/2014.4/data\./parts/xilinx/zynq/IOStandards.xml
INFO: [Project 1-570] Preparing netlist for logic optimization

Processing XDC Constraints
Initializing timing engine
Parsing XDC File [C:/Users/INTEL/Desktop/KNN_code/project_1/project_1.runs/synth_2/.Xil/Vivado-6072-HP/dcp/design_1_in_context.xdc] for cell 'design_1_i'
Finished Parsing XDC File [C:/Users/INTEL/Desktop/KNN_code/project_1/project_1.runs/synth_2/.Xil/Vivado-6072-HP/dcp/design_1_in_context.xdc] for cell 'design_1_i'
Completed Processing XDC Constraints

INFO: [Project 1-111] Unisim Transformation Summary:
No Unisim elements were transformed.

Constraint Validation Runtime : Time (s): cpu = 00:00:00 ; elapsed = 00:00:00.016 . Memory (MB): peak = 500.742 ; gain = 0.000
---------------------------------------------------------------------------------
Finished Constraint Validation : Time (s): cpu = 00:00:49 ; elapsed = 00:01:21 . Memory (MB): peak = 500.742 ; gain = 342.398
---------------------------------------------------------------------------------
---------------------------------------------------------------------------------
Start Loading Part and Timing Information
---------------------------------------------------------------------------------
Loading part: xc7z020clg484-1
---------------------------------------------------------------------------------
Finished Loading Part and Timing Information : Time (s): cpu = 00:00:49 ; elapsed = 00:01:21 . Memory (MB): peak = 500.742 ; gain = 342.398
---------------------------------------------------------------------------------
---------------------------------------------------------------------------------
Start Applying 'set_property' XDC Constraints
---------------------------------------------------------------------------------
Applied set_property IO_BUFFER_TYPE = NONE for DDR_addr[14]. (constraint file  C:/Users/INTEL/Desktop/KNN_code/project_1/project_1.runs/synth_2/.Xil/Vivado-6072-HP/dcp/design_1_in_context.xdc, line 1).
Applied set_property IO_BUFFER_TYPE = NONE for DDR_addr[13]. (constraint file  C:/Users/INTEL/Desktop/KNN_code/project_1/project_1.runs/synth_2/.Xil/Vivado-6072-HP/dcp/design_1_in_context.xdc, line 2).
Applied set_property IO_BUFFER_TYPE = NONE for DDR_addr[12]. (constraint file  C:/Users/INTEL/Desktop/KNN_code/project_1/project_1.runs/synth_2/.Xil/Vivado-6072-HP/dcp/design_1_in_context.xdc, line 3).
Applied set_property IO_BUFFER_TYPE = NONE for DDR_addr[11]. (constraint file  C:/Users/INTEL/Desktop/KNN_code/project_1/project_1.runs/synth_2/.Xil/Vivado-6072-HP/dcp/design_1_in_context.xdc, line 4).
Applied set_property IO_BUFFER_TYPE = NONE for DDR_addr[10]. (constraint file  C:/Users/INTEL/Desktop/KNN_code/project_1/project_1.runs/synth_2/.Xil/Vivado-6072-HP/dcp/design_1_in_context.xdc, line 5).
Applied set_property IO_BUFFER_TYPE = NONE for DDR_addr[9]. (constraint file  C:/Users/INTEL/Desktop/KNN_code/project_1/project_1.runs/synth_2/.Xil/Vivado-6072-HP/dcp/design_1_in_context.xdc, line 6).
Applied set_property IO_BUFFER_TYPE = NONE for DDR_addr[8]. (constraint file  C:/Users/INTEL/Desktop/KNN_code/project_1/project_1.runs/synth_2/.Xil/Vivado-6072-HP/dcp/design_1_in_context.xdc, line 7).
Applied set_property IO_BUFFER_TYPE = NONE for DDR_addr[7]. (constraint file  C:/Users/INTEL/Desktop/KNN_code/project_1/project_1.runs/synth_2/.Xil/Vivado-6072-HP/dcp/design_1_in_context.xdc, line 8).
Applied set_property IO_BUFFER_TYPE = NONE for DDR_addr[6]. (constraint file  C:/Users/INTEL/Desktop/KNN_code/project_1/project_1.runs/synth_2/.Xil/Vivado-6072-HP/dcp/design_1_in_context.xdc, line 9).
Applied set_property IO_BUFFER_TYPE = NONE for DDR_addr[5]. (constraint file  C:/Users/INTEL/Desktop/KNN_code/project_1/project_1.runs/synth_2/.Xil/Vivado-6072-HP/dcp/design_1_in_context.xdc, line 10).
Applied set_property IO_BUFFER_TYPE = NONE for DDR_addr[4]. (constraint file  C:/Users/INTEL/Desktop/KNN_code/project_1/project_1.runs/synth_2/.Xil/Vivado-6072-HP/dcp/design_1_in_context.xdc, line 11).
Applied set_property IO_BUFFER_TYPE = NONE for DDR_addr[3]. (constraint file  C:/Users/INTEL/Desktop/KNN_code/project_1/project_1.runs/synth_2/.Xil/Vivado-6072-HP/dcp/design_1_in_context.xdc, line 12).
Applied set_property IO_BUFFER_TYPE = NONE for DDR_addr[2]. (constraint file  C:/Users/INTEL/Desktop/KNN_code/project_1/project_1.runs/synth_2/.Xil/Vivado-6072-HP/dcp/design_1_in_context.xdc, line 13).
Applied set_property IO_BUFFER_TYPE = NONE for DDR_addr[1]. (constraint file  C:/Users/INTEL/Desktop/KNN_code/project_1/project_1.runs/synth_2/.Xil/Vivado-6072-HP/dcp/design_1_in_context.xdc, line 14).
Applied set_property IO_BUFFER_TYPE = NONE for DDR_addr[0]. (constraint file  C:/Users/INTEL/Desktop/KNN_code/project_1/project_1.runs/synth_2/.Xil/Vivado-6072-HP/dcp/design_1_in_context.xdc, line 15).
Applied set_property IO_BUFFER_TYPE = NONE for DDR_ba[2]. (constraint file  C:/Users/INTEL/Desktop/KNN_code/project_1/project_1.runs/synth_2/.Xil/Vivado-6072-HP/dcp/design_1_in_context.xdc, line 16).
Applied set_property IO_BUFFER_TYPE = NONE for DDR_ba[1]. (constraint file  C:/Users/INTEL/Desktop/KNN_code/project_1/project_1.runs/synth_2/.Xil/Vivado-6072-HP/dcp/design_1_in_context.xdc, line 17).
Applied set_property IO_BUFFER_TYPE = NONE for DDR_ba[0]. (constraint file  C:/Users/INTEL/Desktop/KNN_code/project_1/project_1.runs/synth_2/.Xil/Vivado-6072-HP/dcp/design_1_in_context.xdc, line 18).
Applied set_property IO_BUFFER_TYPE = NONE for DDR_cas_n. (constraint file  C:/Users/INTEL/Desktop/KNN_code/project_1/project_1.runs/synth_2/.Xil/Vivado-6072-HP/dcp/design_1_in_context.xdc, line 19).
Applied set_property IO_BUFFER_TYPE = NONE for DDR_ck_n. (constraint file  C:/Users/INTEL/Desktop/KNN_code/project_1/project_1.runs/synth_2/.Xil/Vivado-6072-HP/dcp/design_1_in_context.xdc, line 20).
Applied set_property IO_BUFFER_TYPE = NONE for DDR_ck_p. (constraint file  C:/Users/INTEL/Desktop/KNN_code/project_1/project_1.runs/synth_2/.Xil/Vivado-6072-HP/dcp/design_1_in_context.xdc, line 21).
Applied set_property IO_BUFFER_TYPE = NONE for DDR_cke. (constraint file  C:/Users/INTEL/Desktop/KNN_code/project_1/project_1.runs/synth_2/.Xil/Vivado-6072-HP/dcp/design_1_in_context.xdc, line 22).
Applied set_property IO_BUFFER_TYPE = NONE for DDR_cs_n. (constraint file  C:/Users/INTEL/Desktop/KNN_code/project_1/project_1.runs/synth_2/.Xil/Vivado-6072-HP/dcp/design_1_in_context.xdc, line 23).
Applied set_property IO_BUFFER_TYPE = NONE for DDR_dm[3]. (constraint file  C:/Users/INTEL/Desktop/KNN_code/project_1/project_1.runs/synth_2/.Xil/Vivado-6072-HP/dcp/design_1_in_context.xdc, line 24).
Applied set_property IO_BUFFER_TYPE = NONE for DDR_dm[2]. (constraint file  C:/Users/INTEL/Desktop/KNN_code/project_1/project_1.runs/synth_2/.Xil/Vivado-6072-HP/dcp/design_1_in_context.xdc, line 25).
Applied set_property IO_BUFFER_TYPE = NONE for DDR_dm[1]. (constraint file  C:/Users/INTEL/Desktop/KNN_code/project_1/project_1.runs/synth_2/.Xil/Vivado-6072-HP/dcp/design_1_in_context.xdc, line 26).
Applied set_property IO_BUFFER_TYPE = NONE for DDR_dm[0]. (constraint file  C:/Users/INTEL/Desktop/KNN_code/project_1/project_1.runs/synth_2/.Xil/Vivado-6072-HP/dcp/design_1_in_context.xdc, line 27).
Applied set_property IO_BUFFER_TYPE = NONE for DDR_dq[31]. (constraint file  C:/Users/INTEL/Desktop/KNN_code/project_1/project_1.runs/synth_2/.Xil/Vivado-6072-HP/dcp/design_1_in_context.xdc, line 28).
Applied set_property IO_BUFFER_TYPE = NONE for DDR_dq[30]. (constraint file  C:/Users/INTEL/Desktop/KNN_code/project_1/project_1.runs/synth_2/.Xil/Vivado-6072-HP/dcp/design_1_in_context.xdc, line 29).
Applied set_property IO_BUFFER_TYPE = NONE for DDR_dq[29]. (constraint file  C:/Users/INTEL/Desktop/KNN_code/project_1/project_1.runs/synth_2/.Xil/Vivado-6072-HP/dcp/design_1_in_context.xdc, line 30).
Applied set_property IO_BUFFER_TYPE = NONE for DDR_dq[28]. (constraint file  C:/Users/INTEL/Desktop/KNN_code/project_1/project_1.runs/synth_2/.Xil/Vivado-6072-HP/dcp/design_1_in_context.xdc, line 31).
Applied set_property IO_BUFFER_TYPE = NONE for DDR_dq[27]. (constraint file  C:/Users/INTEL/Desktop/KNN_code/project_1/project_1.runs/synth_2/.Xil/Vivado-6072-HP/dcp/design_1_in_context.xdc, line 32).
Applied set_property IO_BUFFER_TYPE = NONE for DDR_dq[26]. (constraint file  C:/Users/INTEL/Desktop/KNN_code/project_1/project_1.runs/synth_2/.Xil/Vivado-6072-HP/dcp/design_1_in_context.xdc, line 33).
Applied set_property IO_BUFFER_TYPE = NONE for DDR_dq[25]. (constraint file  C:/Users/INTEL/Desktop/KNN_code/project_1/project_1.runs/synth_2/.Xil/Vivado-6072-HP/dcp/design_1_in_context.xdc, line 34).
Applied set_property IO_BUFFER_TYPE = NONE for DDR_dq[24]. (constraint file  C:/Users/INTEL/Desktop/KNN_code/project_1/project_1.runs/synth_2/.Xil/Vivado-6072-HP/dcp/design_1_in_context.xdc, line 35).
Applied set_property IO_BUFFER_TYPE = NONE for DDR_dq[23]. (constraint file  C:/Users/INTEL/Desktop/KNN_code/project_1/project_1.runs/synth_2/.Xil/Vivado-6072-HP/dcp/design_1_in_context.xdc, line 36).
Applied set_property IO_BUFFER_TYPE = NONE for DDR_dq[22]. (constraint file  C:/Users/INTEL/Desktop/KNN_code/project_1/project_1.runs/synth_2/.Xil/Vivado-6072-HP/dcp/design_1_in_context.xdc, line 37).
Applied set_property IO_BUFFER_TYPE = NONE for DDR_dq[21]. (constraint file  C:/Users/INTEL/Desktop/KNN_code/project_1/project_1.runs/synth_2/.Xil/Vivado-6072-HP/dcp/design_1_in_context.xdc, line 38).
Applied set_property IO_BUFFER_TYPE = NONE for DDR_dq[20]. (constraint file  C:/Users/INTEL/Desktop/KNN_code/project_1/project_1.runs/synth_2/.Xil/Vivado-6072-HP/dcp/design_1_in_context.xdc, line 39).
Applied set_property IO_BUFFER_TYPE = NONE for DDR_dq[19]. (constraint file  C:/Users/INTEL/Desktop/KNN_code/project_1/project_1.runs/synth_2/.Xil/Vivado-6072-HP/dcp/design_1_in_context.xdc, line 40).
Applied set_property IO_BUFFER_TYPE = NONE for DDR_dq[18]. (constraint file  C:/Users/INTEL/Desktop/KNN_code/project_1/project_1.runs/synth_2/.Xil/Vivado-6072-HP/dcp/design_1_in_context.xdc, line 41).
Applied set_property IO_BUFFER_TYPE = NONE for DDR_dq[17]. (constraint file  C:/Users/INTEL/Desktop/KNN_code/project_1/project_1.runs/synth_2/.Xil/Vivado-6072-HP/dcp/design_1_in_context.xdc, line 42).
Applied set_property IO_BUFFER_TYPE = NONE for DDR_dq[16]. (constraint file  C:/Users/INTEL/Desktop/KNN_code/project_1/project_1.runs/synth_2/.Xil/Vivado-6072-HP/dcp/design_1_in_context.xdc, line 43).
Applied set_property IO_BUFFER_TYPE = NONE for DDR_dq[15]. (constraint file  C:/Users/INTEL/Desktop/KNN_code/project_1/project_1.runs/synth_2/.Xil/Vivado-6072-HP/dcp/design_1_in_context.xdc, line 44).
Applied set_property IO_BUFFER_TYPE = NONE for DDR_dq[14]. (constraint file  C:/Users/INTEL/Desktop/KNN_code/project_1/project_1.runs/synth_2/.Xil/Vivado-6072-HP/dcp/design_1_in_context.xdc, line 45).
Applied set_property IO_BUFFER_TYPE = NONE for DDR_dq[13]. (constraint file  C:/Users/INTEL/Desktop/KNN_code/project_1/project_1.runs/synth_2/.Xil/Vivado-6072-HP/dcp/design_1_in_context.xdc, line 46).
Applied set_property IO_BUFFER_TYPE = NONE for DDR_dq[12]. (constraint file  C:/Users/INTEL/Desktop/KNN_code/project_1/project_1.runs/synth_2/.Xil/Vivado-6072-HP/dcp/design_1_in_context.xdc, line 47).
Applied set_property IO_BUFFER_TYPE = NONE for DDR_dq[11]. (constraint file  C:/Users/INTEL/Desktop/KNN_code/project_1/project_1.runs/synth_2/.Xil/Vivado-6072-HP/dcp/design_1_in_context.xdc, line 48).
Applied set_property IO_BUFFER_TYPE = NONE for DDR_dq[10]. (constraint file  C:/Users/INTEL/Desktop/KNN_code/project_1/project_1.runs/synth_2/.Xil/Vivado-6072-HP/dcp/design_1_in_context.xdc, line 49).
Applied set_property IO_BUFFER_TYPE = NONE for DDR_dq[9]. (constraint file  C:/Users/INTEL/Desktop/KNN_code/project_1/project_1.runs/synth_2/.Xil/Vivado-6072-HP/dcp/design_1_in_context.xdc, line 50).
Applied set_property IO_BUFFER_TYPE = NONE for DDR_dq[8]. (constraint file  C:/Users/INTEL/Desktop/KNN_code/project_1/project_1.runs/synth_2/.Xil/Vivado-6072-HP/dcp/design_1_in_context.xdc, line 51).
Applied set_property IO_BUFFER_TYPE = NONE for DDR_dq[7]. (constraint file  C:/Users/INTEL/Desktop/KNN_code/project_1/project_1.runs/synth_2/.Xil/Vivado-6072-HP/dcp/design_1_in_context.xdc, line 52).
Applied set_property IO_BUFFER_TYPE = NONE for DDR_dq[6]. (constraint file  C:/Users/INTEL/Desktop/KNN_code/project_1/project_1.runs/synth_2/.Xil/Vivado-6072-HP/dcp/design_1_in_context.xdc, line 53).
Applied set_property IO_BUFFER_TYPE = NONE for DDR_dq[5]. (constraint file  C:/Users/INTEL/Desktop/KNN_code/project_1/project_1.runs/synth_2/.Xil/Vivado-6072-HP/dcp/design_1_in_context.xdc, line 54).
Applied set_property IO_BUFFER_TYPE = NONE for DDR_dq[4]. (constraint file  C:/Users/INTEL/Desktop/KNN_code/project_1/project_1.runs/synth_2/.Xil/Vivado-6072-HP/dcp/design_1_in_context.xdc, line 55).
Applied set_property IO_BUFFER_TYPE = NONE for DDR_dq[3]. (constraint file  C:/Users/INTEL/Desktop/KNN_code/project_1/project_1.runs/synth_2/.Xil/Vivado-6072-HP/dcp/design_1_in_context.xdc, line 56).
Applied set_property IO_BUFFER_TYPE = NONE for DDR_dq[2]. (constraint file  C:/Users/INTEL/Desktop/KNN_code/project_1/project_1.runs/synth_2/.Xil/Vivado-6072-HP/dcp/design_1_in_context.xdc, line 57).
Applied set_property IO_BUFFER_TYPE = NONE for DDR_dq[1]. (constraint file  C:/Users/INTEL/Desktop/KNN_code/project_1/project_1.runs/synth_2/.Xil/Vivado-6072-HP/dcp/design_1_in_context.xdc, line 58).
Applied set_property IO_BUFFER_TYPE = NONE for DDR_dq[0]. (constraint file  C:/Users/INTEL/Desktop/KNN_code/project_1/project_1.runs/synth_2/.Xil/Vivado-6072-HP/dcp/design_1_in_context.xdc, line 59).
Applied set_property IO_BUFFER_TYPE = NONE for DDR_dqs_n[3]. (constraint file  C:/Users/INTEL/Desktop/KNN_code/project_1/project_1.runs/synth_2/.Xil/Vivado-6072-HP/dcp/design_1_in_context.xdc, line 60).
Applied set_property IO_BUFFER_TYPE = NONE for DDR_dqs_n[2]. (constraint file  C:/Users/INTEL/Desktop/KNN_code/project_1/project_1.runs/synth_2/.Xil/Vivado-6072-HP/dcp/design_1_in_context.xdc, line 61).
Applied set_property IO_BUFFER_TYPE = NONE for DDR_dqs_n[1]. (constraint file  C:/Users/INTEL/Desktop/KNN_code/project_1/project_1.runs/synth_2/.Xil/Vivado-6072-HP/dcp/design_1_in_context.xdc, line 62).
Applied set_property IO_BUFFER_TYPE = NONE for DDR_dqs_n[0]. (constraint file  C:/Users/INTEL/Desktop/KNN_code/project_1/project_1.runs/synth_2/.Xil/Vivado-6072-HP/dcp/design_1_in_context.xdc, line 63).
Applied set_property IO_BUFFER_TYPE = NONE for DDR_dqs_p[3]. (constraint file  C:/Users/INTEL/Desktop/KNN_code/project_1/project_1.runs/synth_2/.Xil/Vivado-6072-HP/dcp/design_1_in_context.xdc, line 64).
Applied set_property IO_BUFFER_TYPE = NONE for DDR_dqs_p[2]. (constraint file  C:/Users/INTEL/Desktop/KNN_code/project_1/project_1.runs/synth_2/.Xil/Vivado-6072-HP/dcp/design_1_in_context.xdc, line 65).
Applied set_property IO_BUFFER_TYPE = NONE for DDR_dqs_p[1]. (constraint file  C:/Users/INTEL/Desktop/KNN_code/project_1/project_1.runs/synth_2/.Xil/Vivado-6072-HP/dcp/design_1_in_context.xdc, line 66).
Applied set_property IO_BUFFER_TYPE = NONE for DDR_dqs_p[0]. (constraint file  C:/Users/INTEL/Desktop/KNN_code/project_1/project_1.runs/synth_2/.Xil/Vivado-6072-HP/dcp/design_1_in_context.xdc, line 67).
Applied set_property IO_BUFFER_TYPE = NONE for DDR_odt. (constraint file  C:/Users/INTEL/Desktop/KNN_code/project_1/project_1.runs/synth_2/.Xil/Vivado-6072-HP/dcp/design_1_in_context.xdc, line 68).
Applied set_property IO_BUFFER_TYPE = NONE for DDR_ras_n. (constraint file  C:/Users/INTEL/Desktop/KNN_code/project_1/project_1.runs/synth_2/.Xil/Vivado-6072-HP/dcp/design_1_in_context.xdc, line 69).
Applied set_property IO_BUFFER_TYPE = NONE for DDR_reset_n. (constraint file  C:/Users/INTEL/Desktop/KNN_code/project_1/project_1.runs/synth_2/.Xil/Vivado-6072-HP/dcp/design_1_in_context.xdc, line 70).
Applied set_property IO_BUFFER_TYPE = NONE for DDR_we_n. (constraint file  C:/Users/INTEL/Desktop/KNN_code/project_1/project_1.runs/synth_2/.Xil/Vivado-6072-HP/dcp/design_1_in_context.xdc, line 71).
Applied set_property IO_BUFFER_TYPE = NONE for FIXED_IO_ddr_vrn. (constraint file  C:/Users/INTEL/Desktop/KNN_code/project_1/project_1.runs/synth_2/.Xil/Vivado-6072-HP/dcp/design_1_in_context.xdc, line 72).
Applied set_property IO_BUFFER_TYPE = NONE for FIXED_IO_ddr_vrp. (constraint file  C:/Users/INTEL/Desktop/KNN_code/project_1/project_1.runs/synth_2/.Xil/Vivado-6072-HP/dcp/design_1_in_context.xdc, line 73).
Applied set_property IO_BUFFER_TYPE = NONE for FIXED_IO_mio[53]. (constraint file  C:/Users/INTEL/Desktop/KNN_code/project_1/project_1.runs/synth_2/.Xil/Vivado-6072-HP/dcp/design_1_in_context.xdc, line 74).
Applied set_property IO_BUFFER_TYPE = NONE for FIXED_IO_mio[52]. (constraint file  C:/Users/INTEL/Desktop/KNN_code/project_1/project_1.runs/synth_2/.Xil/Vivado-6072-HP/dcp/design_1_in_context.xdc, line 75).
Applied set_property IO_BUFFER_TYPE = NONE for FIXED_IO_mio[51]. (constraint file  C:/Users/INTEL/Desktop/KNN_code/project_1/project_1.runs/synth_2/.Xil/Vivado-6072-HP/dcp/design_1_in_context.xdc, line 76).
Applied set_property IO_BUFFER_TYPE = NONE for FIXED_IO_mio[50]. (constraint file  C:/Users/INTEL/Desktop/KNN_code/project_1/project_1.runs/synth_2/.Xil/Vivado-6072-HP/dcp/design_1_in_context.xdc, line 77).
Applied set_property IO_BUFFER_TYPE = NONE for FIXED_IO_mio[49]. (constraint file  C:/Users/INTEL/Desktop/KNN_code/project_1/project_1.runs/synth_2/.Xil/Vivado-6072-HP/dcp/design_1_in_context.xdc, line 78).
Applied set_property IO_BUFFER_TYPE = NONE for FIXED_IO_mio[48]. (constraint file  C:/Users/INTEL/Desktop/KNN_code/project_1/project_1.runs/synth_2/.Xil/Vivado-6072-HP/dcp/design_1_in_context.xdc, line 79).
Applied set_property IO_BUFFER_TYPE = NONE for FIXED_IO_mio[47]. (constraint file  C:/Users/INTEL/Desktop/KNN_code/project_1/project_1.runs/synth_2/.Xil/Vivado-6072-HP/dcp/design_1_in_context.xdc, line 80).
Applied set_property IO_BUFFER_TYPE = NONE for FIXED_IO_mio[46]. (constraint file  C:/Users/INTEL/Desktop/KNN_code/project_1/project_1.runs/synth_2/.Xil/Vivado-6072-HP/dcp/design_1_in_context.xdc, line 81).
Applied set_property IO_BUFFER_TYPE = NONE for FIXED_IO_mio[45]. (constraint file  C:/Users/INTEL/Desktop/KNN_code/project_1/project_1.runs/synth_2/.Xil/Vivado-6072-HP/dcp/design_1_in_context.xdc, line 82).
Applied set_property IO_BUFFER_TYPE = NONE for FIXED_IO_mio[44]. (constraint file  C:/Users/INTEL/Desktop/KNN_code/project_1/project_1.runs/synth_2/.Xil/Vivado-6072-HP/dcp/design_1_in_context.xdc, line 83).
Applied set_property IO_BUFFER_TYPE = NONE for FIXED_IO_mio[43]. (constraint file  C:/Users/INTEL/Desktop/KNN_code/project_1/project_1.runs/synth_2/.Xil/Vivado-6072-HP/dcp/design_1_in_context.xdc, line 84).
Applied set_property IO_BUFFER_TYPE = NONE for FIXED_IO_mio[42]. (constraint file  C:/Users/INTEL/Desktop/KNN_code/project_1/project_1.runs/synth_2/.Xil/Vivado-6072-HP/dcp/design_1_in_context.xdc, line 85).
Applied set_property IO_BUFFER_TYPE = NONE for FIXED_IO_mio[41]. (constraint file  C:/Users/INTEL/Desktop/KNN_code/project_1/project_1.runs/synth_2/.Xil/Vivado-6072-HP/dcp/design_1_in_context.xdc, line 86).
Applied set_property IO_BUFFER_TYPE = NONE for FIXED_IO_mio[40]. (constraint file  C:/Users/INTEL/Desktop/KNN_code/project_1/project_1.runs/synth_2/.Xil/Vivado-6072-HP/dcp/design_1_in_context.xdc, line 87).
Applied set_property IO_BUFFER_TYPE = NONE for FIXED_IO_mio[39]. (constraint file  C:/Users/INTEL/Desktop/KNN_code/project_1/project_1.runs/synth_2/.Xil/Vivado-6072-HP/dcp/design_1_in_context.xdc, line 88).
Applied set_property IO_BUFFER_TYPE = NONE for FIXED_IO_mio[38]. (constraint file  C:/Users/INTEL/Desktop/KNN_code/project_1/project_1.runs/synth_2/.Xil/Vivado-6072-HP/dcp/design_1_in_context.xdc, line 89).
Applied set_property IO_BUFFER_TYPE = NONE for FIXED_IO_mio[37]. (constraint file  C:/Users/INTEL/Desktop/KNN_code/project_1/project_1.runs/synth_2/.Xil/Vivado-6072-HP/dcp/design_1_in_context.xdc, line 90).
Applied set_property IO_BUFFER_TYPE = NONE for FIXED_IO_mio[36]. (constraint file  C:/Users/INTEL/Desktop/KNN_code/project_1/project_1.runs/synth_2/.Xil/Vivado-6072-HP/dcp/design_1_in_context.xdc, line 91).
Applied set_property IO_BUFFER_TYPE = NONE for FIXED_IO_mio[35]. (constraint file  C:/Users/INTEL/Desktop/KNN_code/project_1/project_1.runs/synth_2/.Xil/Vivado-6072-HP/dcp/design_1_in_context.xdc, line 92).
Applied set_property IO_BUFFER_TYPE = NONE for FIXED_IO_mio[34]. (constraint file  C:/Users/INTEL/Desktop/KNN_code/project_1/project_1.runs/synth_2/.Xil/Vivado-6072-HP/dcp/design_1_in_context.xdc, line 93).
Applied set_property IO_BUFFER_TYPE = NONE for FIXED_IO_mio[33]. (constraint file  C:/Users/INTEL/Desktop/KNN_code/project_1/project_1.runs/synth_2/.Xil/Vivado-6072-HP/dcp/design_1_in_context.xdc, line 94).
Applied set_property IO_BUFFER_TYPE = NONE for FIXED_IO_mio[32]. (constraint file  C:/Users/INTEL/Desktop/KNN_code/project_1/project_1.runs/synth_2/.Xil/Vivado-6072-HP/dcp/design_1_in_context.xdc, line 95).
Applied set_property IO_BUFFER_TYPE = NONE for FIXED_IO_mio[31]. (constraint file  C:/Users/INTEL/Desktop/KNN_code/project_1/project_1.runs/synth_2/.Xil/Vivado-6072-HP/dcp/design_1_in_context.xdc, line 96).
Applied set_property IO_BUFFER_TYPE = NONE for FIXED_IO_mio[30]. (constraint file  C:/Users/INTEL/Desktop/KNN_code/project_1/project_1.runs/synth_2/.Xil/Vivado-6072-HP/dcp/design_1_in_context.xdc, line 97).
Applied set_property IO_BUFFER_TYPE = NONE for FIXED_IO_mio[29]. (constraint file  C:/Users/INTEL/Desktop/KNN_code/project_1/project_1.runs/synth_2/.Xil/Vivado-6072-HP/dcp/design_1_in_context.xdc, line 98).
Applied set_property IO_BUFFER_TYPE = NONE for FIXED_IO_mio[28]. (constraint file  C:/Users/INTEL/Desktop/KNN_code/project_1/project_1.runs/synth_2/.Xil/Vivado-6072-HP/dcp/design_1_in_context.xdc, line 99).
Applied set_property IO_BUFFER_TYPE = NONE for FIXED_IO_mio[27]. (constraint file  C:/Users/INTEL/Desktop/KNN_code/project_1/project_1.runs/synth_2/.Xil/Vivado-6072-HP/dcp/design_1_in_context.xdc, line 100).
Applied set_property IO_BUFFER_TYPE = NONE for FIXED_IO_mio[26]. (constraint file  C:/Users/INTEL/Desktop/KNN_code/project_1/project_1.runs/synth_2/.Xil/Vivado-6072-HP/dcp/design_1_in_context.xdc, line 101).
Applied set_property IO_BUFFER_TYPE = NONE for FIXED_IO_mio[25]. (constraint file  C:/Users/INTEL/Desktop/KNN_code/project_1/project_1.runs/synth_2/.Xil/Vivado-6072-HP/dcp/design_1_in_context.xdc, line 102).
Applied set_property IO_BUFFER_TYPE = NONE for FIXED_IO_mio[24]. (constraint file  C:/Users/INTEL/Desktop/KNN_code/project_1/project_1.runs/synth_2/.Xil/Vivado-6072-HP/dcp/design_1_in_context.xdc, line 103).
Applied set_property IO_BUFFER_TYPE = NONE for FIXED_IO_mio[23]. (constraint file  C:/Users/INTEL/Desktop/KNN_code/project_1/project_1.runs/synth_2/.Xil/Vivado-6072-HP/dcp/design_1_in_context.xdc, line 104).
Applied set_property IO_BUFFER_TYPE = NONE for FIXED_IO_mio[22]. (constraint file  C:/Users/INTEL/Desktop/KNN_code/project_1/project_1.runs/synth_2/.Xil/Vivado-6072-HP/dcp/design_1_in_context.xdc, line 105).
Applied set_property IO_BUFFER_TYPE = NONE for FIXED_IO_mio[21]. (constraint file  C:/Users/INTEL/Desktop/KNN_code/project_1/project_1.runs/synth_2/.Xil/Vivado-6072-HP/dcp/design_1_in_context.xdc, line 106).
Applied set_property IO_BUFFER_TYPE = NONE for FIXED_IO_mio[20]. (constraint file  C:/Users/INTEL/Desktop/KNN_code/project_1/project_1.runs/synth_2/.Xil/Vivado-6072-HP/dcp/design_1_in_context.xdc, line 107).
Applied set_property IO_BUFFER_TYPE = NONE for FIXED_IO_mio[19]. (constraint file  C:/Users/INTEL/Desktop/KNN_code/project_1/project_1.runs/synth_2/.Xil/Vivado-6072-HP/dcp/design_1_in_context.xdc, line 108).
Applied set_property IO_BUFFER_TYPE = NONE for FIXED_IO_mio[18]. (constraint file  C:/Users/INTEL/Desktop/KNN_code/project_1/project_1.runs/synth_2/.Xil/Vivado-6072-HP/dcp/design_1_in_context.xdc, line 109).
Applied set_property IO_BUFFER_TYPE = NONE for FIXED_IO_mio[17]. (constraint file  C:/Users/INTEL/Desktop/KNN_code/project_1/project_1.runs/synth_2/.Xil/Vivado-6072-HP/dcp/design_1_in_context.xdc, line 110).
Applied set_property IO_BUFFER_TYPE = NONE for FIXED_IO_mio[16]. (constraint file  C:/Users/INTEL/Desktop/KNN_code/project_1/project_1.runs/synth_2/.Xil/Vivado-6072-HP/dcp/design_1_in_context.xdc, line 111).
Applied set_property IO_BUFFER_TYPE = NONE for FIXED_IO_mio[15]. (constraint file  C:/Users/INTEL/Desktop/KNN_code/project_1/project_1.runs/synth_2/.Xil/Vivado-6072-HP/dcp/design_1_in_context.xdc, line 112).
Applied set_property IO_BUFFER_TYPE = NONE for FIXED_IO_mio[14]. (constraint file  C:/Users/INTEL/Desktop/KNN_code/project_1/project_1.runs/synth_2/.Xil/Vivado-6072-HP/dcp/design_1_in_context.xdc, line 113).
Applied set_property IO_BUFFER_TYPE = NONE for FIXED_IO_mio[13]. (constraint file  C:/Users/INTEL/Desktop/KNN_code/project_1/project_1.runs/synth_2/.Xil/Vivado-6072-HP/dcp/design_1_in_context.xdc, line 114).
Applied set_property IO_BUFFER_TYPE = NONE for FIXED_IO_mio[12]. (constraint file  C:/Users/INTEL/Desktop/KNN_code/project_1/project_1.runs/synth_2/.Xil/Vivado-6072-HP/dcp/design_1_in_context.xdc, line 115).
Applied set_property IO_BUFFER_TYPE = NONE for FIXED_IO_mio[11]. (constraint file  C:/Users/INTEL/Desktop/KNN_code/project_1/project_1.runs/synth_2/.Xil/Vivado-6072-HP/dcp/design_1_in_context.xdc, line 116).
Applied set_property IO_BUFFER_TYPE = NONE for FIXED_IO_mio[10]. (constraint file  C:/Users/INTEL/Desktop/KNN_code/project_1/project_1.runs/synth_2/.Xil/Vivado-6072-HP/dcp/design_1_in_context.xdc, line 117).
Applied set_property IO_BUFFER_TYPE = NONE for FIXED_IO_mio[9]. (constraint file  C:/Users/INTEL/Desktop/KNN_code/project_1/project_1.runs/synth_2/.Xil/Vivado-6072-HP/dcp/design_1_in_context.xdc, line 118).
Applied set_property IO_BUFFER_TYPE = NONE for FIXED_IO_mio[8]. (constraint file  C:/Users/INTEL/Desktop/KNN_code/project_1/project_1.runs/synth_2/.Xil/Vivado-6072-HP/dcp/design_1_in_context.xdc, line 119).
Applied set_property IO_BUFFER_TYPE = NONE for FIXED_IO_mio[7]. (constraint file  C:/Users/INTEL/Desktop/KNN_code/project_1/project_1.runs/synth_2/.Xil/Vivado-6072-HP/dcp/design_1_in_context.xdc, line 120).
Applied set_property IO_BUFFER_TYPE = NONE for FIXED_IO_mio[6]. (constraint file  C:/Users/INTEL/Desktop/KNN_code/project_1/project_1.runs/synth_2/.Xil/Vivado-6072-HP/dcp/design_1_in_context.xdc, line 121).
Applied set_property IO_BUFFER_TYPE = NONE for FIXED_IO_mio[5]. (constraint file  C:/Users/INTEL/Desktop/KNN_code/project_1/project_1.runs/synth_2/.Xil/Vivado-6072-HP/dcp/design_1_in_context.xdc, line 122).
Applied set_property IO_BUFFER_TYPE = NONE for FIXED_IO_mio[4]. (constraint file  C:/Users/INTEL/Desktop/KNN_code/project_1/project_1.runs/synth_2/.Xil/Vivado-6072-HP/dcp/design_1_in_context.xdc, line 123).
Applied set_property IO_BUFFER_TYPE = NONE for FIXED_IO_mio[3]. (constraint file  C:/Users/INTEL/Desktop/KNN_code/project_1/project_1.runs/synth_2/.Xil/Vivado-6072-HP/dcp/design_1_in_context.xdc, line 124).
Applied set_property IO_BUFFER_TYPE = NONE for FIXED_IO_mio[2]. (constraint file  C:/Users/INTEL/Desktop/KNN_code/project_1/project_1.runs/synth_2/.Xil/Vivado-6072-HP/dcp/design_1_in_context.xdc, line 125).
Applied set_property IO_BUFFER_TYPE = NONE for FIXED_IO_mio[1]. (constraint file  C:/Users/INTEL/Desktop/KNN_code/project_1/project_1.runs/synth_2/.Xil/Vivado-6072-HP/dcp/design_1_in_context.xdc, line 126).
Applied set_property IO_BUFFER_TYPE = NONE for FIXED_IO_mio[0]. (constraint file  C:/Users/INTEL/Desktop/KNN_code/project_1/project_1.runs/synth_2/.Xil/Vivado-6072-HP/dcp/design_1_in_context.xdc, line 127).
Applied set_property IO_BUFFER_TYPE = NONE for FIXED_IO_ps_clk. (constraint file  C:/Users/INTEL/Desktop/KNN_code/project_1/project_1.runs/synth_2/.Xil/Vivado-6072-HP/dcp/design_1_in_context.xdc, line 128).
Applied set_property IO_BUFFER_TYPE = NONE for FIXED_IO_ps_porb. (constraint file  C:/Users/INTEL/Desktop/KNN_code/project_1/project_1.runs/synth_2/.Xil/Vivado-6072-HP/dcp/design_1_in_context.xdc, line 129).
Applied set_property IO_BUFFER_TYPE = NONE for FIXED_IO_ps_srstb. (constraint file  C:/Users/INTEL/Desktop/KNN_code/project_1/project_1.runs/synth_2/.Xil/Vivado-6072-HP/dcp/design_1_in_context.xdc, line 130).
---------------------------------------------------------------------------------
Finished applying 'set_property' XDC Constraints : Time (s): cpu = 00:00:51 ; elapsed = 00:01:23 . Memory (MB): peak = 500.742 ; gain = 342.398
---------------------------------------------------------------------------------
---------------------------------------------------------------------------------
Finished RTL Optimization Phase 2 : Time (s): cpu = 00:00:51 ; elapsed = 00:01:23 . Memory (MB): peak = 500.742 ; gain = 342.398
---------------------------------------------------------------------------------

Report RTL Partitions: 
+-+--------------+------------+----------+
| |RTL Partition |Replication |Instances |
+-+--------------+------------+----------+
+-+--------------+------------+----------+
---------------------------------------------------------------------------------
Start RTL Component Statistics 
---------------------------------------------------------------------------------
Detailed RTL Component Info : 
---------------------------------------------------------------------------------
Finished RTL Component Statistics 
---------------------------------------------------------------------------------
---------------------------------------------------------------------------------
Start RTL Hierarchical Component Statistics 
---------------------------------------------------------------------------------
Hierarchical RTL Component report 
Module design_1_wrapper 
Detailed RTL Component Info : 
---------------------------------------------------------------------------------
Finished RTL Hierarchical Component Statistics
---------------------------------------------------------------------------------
---------------------------------------------------------------------------------
Start Part Resource Summary
---------------------------------------------------------------------------------
Part Resources:
DSPs: 220 (col length:60)
BRAMs: 280 (col length: RAMB18 60 RAMB36 30)
---------------------------------------------------------------------------------
Finished Part Resource Summary
---------------------------------------------------------------------------------
Start Parallel Synthesis Optimization  : Time (s): cpu = 00:00:52 ; elapsed = 00:01:24 . Memory (MB): peak = 500.742 ; gain = 342.398
---------------------------------------------------------------------------------
Start Cross Boundary Optimization
---------------------------------------------------------------------------------
---------------------------------------------------------------------------------
Finished Cross Boundary Optimization : Time (s): cpu = 00:00:52 ; elapsed = 00:01:24 . Memory (MB): peak = 500.742 ; gain = 342.398
---------------------------------------------------------------------------------
Finished Parallel Reinference  : Time (s): cpu = 00:00:52 ; elapsed = 00:01:24 . Memory (MB): peak = 500.742 ; gain = 342.398

Report RTL Partitions: 
+-+--------------+------------+----------+
| |RTL Partition |Replication |Instances |
+-+--------------+------------+----------+
+-+--------------+------------+----------+
---------------------------------------------------------------------------------
Start RAM, DSP and Shift Register Reporting
---------------------------------------------------------------------------------
---------------------------------------------------------------------------------
Finished RAM, DSP and Shift Register Reporting
---------------------------------------------------------------------------------
---------------------------------------------------------------------------------
Start Area Optimization
---------------------------------------------------------------------------------
---------------------------------------------------------------------------------
Finished Area Optimization : Time (s): cpu = 00:00:52 ; elapsed = 00:01:24 . Memory (MB): peak = 500.742 ; gain = 342.398
---------------------------------------------------------------------------------
---------------------------------------------------------------------------------
Finished Area Optimization : Time (s): cpu = 00:00:52 ; elapsed = 00:01:24 . Memory (MB): peak = 500.742 ; gain = 342.398
---------------------------------------------------------------------------------
Finished Parallel Area Optimization  : Time (s): cpu = 00:00:52 ; elapsed = 00:01:24 . Memory (MB): peak = 500.742 ; gain = 342.398

Report RTL Partitions: 
+-+--------------+------------+----------+
| |RTL Partition |Replication |Instances |
+-+--------------+------------+----------+
+-+--------------+------------+----------+
Finished Parallel Synthesis Optimization  : Time (s): cpu = 00:00:52 ; elapsed = 00:01:24 . Memory (MB): peak = 500.742 ; gain = 342.398
---------------------------------------------------------------------------------
Start Timing Optimization
---------------------------------------------------------------------------------
---------------------------------------------------------------------------------
Start Applying XDC Timing Constraints
---------------------------------------------------------------------------------
---------------------------------------------------------------------------------
Finished Applying XDC Timing Constraints : Time (s): cpu = 00:01:40 ; elapsed = 00:02:12 . Memory (MB): peak = 545.531 ; gain = 387.188
---------------------------------------------------------------------------------
---------------------------------------------------------------------------------
Finished Timing Optimization : Time (s): cpu = 00:01:40 ; elapsed = 00:02:12 . Memory (MB): peak = 545.531 ; gain = 387.188
---------------------------------------------------------------------------------

Report RTL Partitions: 
+-+--------------+------------+----------+
| |RTL Partition |Replication |Instances |
+-+--------------+------------+----------+
+-+--------------+------------+----------+
---------------------------------------------------------------------------------
Start Technology Mapping
---------------------------------------------------------------------------------
---------------------------------------------------------------------------------
Finished Technology Mapping : Time (s): cpu = 00:01:40 ; elapsed = 00:02:12 . Memory (MB): peak = 554.773 ; gain = 396.430
---------------------------------------------------------------------------------

Report RTL Partitions: 
+-+--------------+------------+----------+
| |RTL Partition |Replication |Instances |
+-+--------------+------------+----------+
+-+--------------+------------+----------+
---------------------------------------------------------------------------------
Start IO Insertion
---------------------------------------------------------------------------------
---------------------------------------------------------------------------------
Start Flattening Before IO Insertion
---------------------------------------------------------------------------------
---------------------------------------------------------------------------------
Finished Flattening Before IO Insertion
---------------------------------------------------------------------------------
---------------------------------------------------------------------------------
Start Final Netlist Cleanup
---------------------------------------------------------------------------------
---------------------------------------------------------------------------------
Finished Final Netlist Cleanup
---------------------------------------------------------------------------------
---------------------------------------------------------------------------------
Finished IO Insertion : Time (s): cpu = 00:01:41 ; elapsed = 00:02:14 . Memory (MB): peak = 554.773 ; gain = 396.430
---------------------------------------------------------------------------------

Report Check Netlist: 
+------+------------------+-------+---------+-------+------------------+
|      |Item              |Errors |Warnings |Status |Description       |
+------+------------------+-------+---------+-------+------------------+
|1     |multi_driven_nets |      0|        0|Passed |Multi driven nets |
+------+------------------+-------+---------+-------+------------------+
---------------------------------------------------------------------------------
Start Renaming Generated Instances
---------------------------------------------------------------------------------
---------------------------------------------------------------------------------
Finished Renaming Generated Instances : Time (s): cpu = 00:01:41 ; elapsed = 00:02:14 . Memory (MB): peak = 554.773 ; gain = 396.430
---------------------------------------------------------------------------------

Report RTL Partitions: 
+-+--------------+------------+----------+
| |RTL Partition |Replication |Instances |
+-+--------------+------------+----------+
+-+--------------+------------+----------+
---------------------------------------------------------------------------------
Start Rebuilding User Hierarchy
---------------------------------------------------------------------------------
---------------------------------------------------------------------------------
Finished Rebuilding User Hierarchy : Time (s): cpu = 00:01:41 ; elapsed = 00:02:14 . Memory (MB): peak = 554.773 ; gain = 396.430
---------------------------------------------------------------------------------
---------------------------------------------------------------------------------
Start RAM, DSP and Shift Register Reporting
---------------------------------------------------------------------------------
---------------------------------------------------------------------------------
Finished RAM, DSP and Shift Register Reporting
---------------------------------------------------------------------------------
---------------------------------------------------------------------------------
Start Writing Synthesis Report
---------------------------------------------------------------------------------

Report BlackBoxes: 
+------+--------------+----------+
|      |BlackBox name |Instances |
+------+--------------+----------+
|1     |design_1      |         1|
+------+--------------+----------+

Report Cell Usage: 
+------+--------------+------+
|      |Cell          |Count |
+------+--------------+------+
|1     |design_1_bbox |     1|
|2     |IBUF          |     8|
+------+--------------+------+

Report Instance Areas: 
+------+---------+-------+------+
|      |Instance |Module |Cells |
+------+---------+-------+------+
|1     |top      |       |     8|
+------+---------+-------+------+
---------------------------------------------------------------------------------
Finished Writing Synthesis Report : Time (s): cpu = 00:01:41 ; elapsed = 00:02:14 . Memory (MB): peak = 554.773 ; gain = 396.430
---------------------------------------------------------------------------------
Synthesis finished with 0 errors, 0 critical warnings and 0 warnings.
Synthesis Optimization Runtime : Time (s): cpu = 00:00:00 ; elapsed = 00:01:19 . Memory (MB): peak = 554.773 ; gain = 131.289
Synthesis Optimization Complete : Time (s): cpu = 00:01:42 ; elapsed = 00:02:14 . Memory (MB): peak = 554.773 ; gain = 396.430
INFO: [Project 1-571] Translating synthesized netlist
INFO: [Netlist 29-17] Analyzing 8 Unisim elements for replacement
INFO: [Netlist 29-28] Unisim Transformation completed in 0 CPU seconds
INFO: [Project 1-570] Preparing netlist for logic optimization
INFO: [Opt 31-140] Inserted 0 IBUFs to IO ports without IO buffers.
INFO: [Opt 31-141] Inserted 0 OBUFs to IO ports without IO buffers.
INFO: [Opt 31-138] Pushed 0 inverter(s) to 0 load pin(s).
INFO: [Project 1-111] Unisim Transformation Summary:
No Unisim elements were transformed.

INFO: [Common 17-83] Releasing license: Synthesis
16 Infos, 0 Warnings, 0 Critical Warnings and 0 Errors encountered.
synth_design completed successfully
synth_design: Time (s): cpu = 00:01:40 ; elapsed = 00:02:05 . Memory (MB): peak = 561.258 ; gain = 369.906
# write_checkpoint -noxdef design_1_wrapper.dcp
# catch { report_utilization -file design_1_wrapper_utilization_synth.rpt -pb design_1_wrapper_utilization_synth.pb }
report_utilization: Time (s): cpu = 00:00:00 ; elapsed = 00:00:00.109 . Memory (MB): peak = 561.258 ; gain = 0.000
INFO: [Common 17-206] Exiting Vivado at Mon Jul 20 18:15:30 2015...
