#-----------------------------------------------------------
# Vivado v2014.4 (64-bit)
# SW Build 1071353 on Tue Nov 18 18:29:27 MST 2014
# IP Build 1070531 on Tue Nov 18 01:10:18 MST 2014
# Start of session at: Wed Aug 05 12:08:53 2015
# Process ID: 5960
# Log file: c:/Users/Teo/Desktop/teo1/teo/project_1/vivado.log
# Journal file: c:/Users/Teo/Desktop/teo1/teo/project_1\vivado.jou
#-----------------------------------------------------------
start_gui
open_project C:/Users/Teo/Desktop/teo1/teo/project_1/project_1.xpr
INFO: [Project 1-313] Project file moved from 'C:/Users/INTEL/Desktop/KNN_code/project_1' since last save.
CRITICAL WARNING: [Project 1-311] Could not find the file 'C:/Users/Teo/Desktop/teo1/teo/project_1/project_1.srcs/sources_1/bd/design_1/ip/design_1_descip_0_0/design_1_descip_0_0.upgrade_log', nor could it be found using path 'C:/Users/INTEL/Desktop/KNN_code/project_1/project_1.srcs/sources_1/bd/design_1/ip/design_1_descip_0_0/design_1_descip_0_0.upgrade_log'.
CRITICAL WARNING: [Project 1-311] Could not find the file 'C:/Users/Teo/Desktop/teo1/teo/project_1/project_1.srcs/sources_1/bd/design_1/ip/design_1_distip_0_0/design_1_distip_0_0.upgrade_log', nor could it be found using path 'C:/Users/INTEL/Desktop/KNN_code/project_1/project_1.srcs/sources_1/bd/design_1/ip/design_1_distip_0_0/design_1_distip_0_0.upgrade_log'.
CRITICAL WARNING: [Project 1-311] Could not find the file 'C:/Users/Teo/Desktop/teo1/teo/project_1/project_1.srcs/sources_1/bd/design_1/ip/design_1_distip_0_1/design_1_distip_0_1.upgrade_log', nor could it be found using path 'C:/Users/INTEL/Desktop/KNN_code/project_1/project_1.srcs/sources_1/bd/design_1/ip/design_1_distip_0_1/design_1_distip_0_1.upgrade_log'.
Scanning sources...
Finished scanning sources
WARNING: [Project 1-509] GeneratedRun file for 'synth_1' not found
WARNING: [filemgmt 56-2] IP Repository Path: Could not find the directory 'C:/Users/Teo/Desktop/teo1/teo/ip_repo/descip_1.0', nor could it be found using path 'C:/Users/INTEL/Desktop/KNN_code/ip_repo/descip_1.0'.
WARNING: [filemgmt 56-2] IP Repository Path: Could not find the directory 'C:/Users/Teo/Desktop/teo1/teo/ip_repo/descip_1.0', nor could it be found using path 'C:/Users/INTEL/Desktop/KNN_code/ip_repo/descip_1.0'.
INFO: [IP_Flow 19-234] Refreshing IP repositories
INFO: [IP_Flow 19-1700] Loaded user IP repository 'c:/Users/Teo/Desktop/teo1/teo/dist_repo/distip_1.0'.
WARNING: [IP_Flow 19-2248] Failed to load user IP repository 'c:/Users/Teo/Desktop/teo1/teo/ip_repo/descip_1.0'; Can't find the specified path.
If this directory should no longer be in your list of user repositories, go to the IP Settings dialog and remove it.
WARNING: [IP_Flow 19-2207] Repository 'c:/Users/Teo/Desktop/teo1/teo/ip_repo/descip_1.0' already exists; ignoring attempt to add it again.
WARNING: [IP_Flow 19-2248] Failed to load user IP repository 'c:/Users/Teo/Desktop/teo1/teo/ip_repo/descip_1.0'; Can't find the specified path.
If this directory should no longer be in your list of user repositories, go to the IP Settings dialog and remove it.
INFO: [IP_Flow 19-1700] Loaded user IP repository 'c:/Users/Teo/Desktop/teo1/teo/project_1/ip/myip_1.0'.
INFO: [IP_Flow 19-2313] Loaded Vivado IP repository 'C:/Xilinx/Vivado/2014.4/data/ip'.
open_project: Time (s): cpu = 00:00:38 ; elapsed = 00:00:26 . Memory (MB): peak = 692.539 ; gain = 133.336
update_compile_order -fileset sources_1
write_hwdef -force  -file C:/Users/Teo/Desktop/teo1/teo/project_1/project_1.sdk/design_1_wrapper.hdf
launch_sdk -workspace C:/Users/Teo/Desktop/teo1/teo/project_1/project_1.sdk -hwspec C:/Users/Teo/Desktop/teo1/teo/project_1/project_1.sdk/design_1_wrapper.hdf
INFO: [Vivado 12-393] Launching SDK...
INFO: [Vivado 12-417] Running xsdk -workspace C:/Users/Teo/Desktop/teo1/teo/project_1/project_1.sdk -hwspec C:/Users/Teo/Desktop/teo1/teo/project_1/project_1.sdk/design_1_wrapper.hdf
INFO: [Vivado 12-3157] SDK launch initiated. Please check console for any further messages.
launch_sdk -workspace C:/Users/Teo/Desktop/teo1/teo/project_1/project_1.sdk -hwspec C:/Users/Teo/Desktop/teo1/teo/project_1/project_1.sdk/design_1_wrapper.hdf
INFO: [Vivado 12-393] Launching SDK...
INFO: [Vivado 12-417] Running xsdk -workspace C:/Users/Teo/Desktop/teo1/teo/project_1/project_1.sdk -hwspec C:/Users/Teo/Desktop/teo1/teo/project_1/project_1.sdk/design_1_wrapper.hdf
INFO: [Vivado 12-3157] SDK launch initiated. Please check console for any further messages.
launch_sdk -workspace C:/Users/Teo/Desktop/teo1/teo/project_1/project_1.sdk -hwspec C:/Users/Teo/Desktop/teo1/teo/project_1/project_1.sdk/design_1_wrapper.hdf
INFO: [Vivado 12-393] Launching SDK...
INFO: [Vivado 12-417] Running xsdk -workspace C:/Users/Teo/Desktop/teo1/teo/project_1/project_1.sdk -hwspec C:/Users/Teo/Desktop/teo1/teo/project_1/project_1.sdk/design_1_wrapper.hdf
INFO: [Vivado 12-3157] SDK launch initiated. Please check console for any further messages.
open_run impl_2
INFO: [Common 17-41] Interrupt caught. Command should exit soon.
WARNING: [Runs 36-115] Could not delete directory 'c:/Users/Teo/Desktop/teo1/teo/project_1/.Xil/Vivado-2208-TeosMacBookAir/dcp'.
INFO: [Common 17-344] 'open_run' was cancelled
open_bd_design {C:/Users/Teo/Desktop/teo1/teo/project_1/project_1.srcs/sources_1/bd/design_1/design_1.bd}
Adding component instance block -- xilinx.com:ip:processing_system7:5.5 - processing_system7_0
Adding component instance block -- xilinx.com:ip:axi_gpio:2.0 - axi_gpio_0
Adding component instance block -- xilinx.com:ip:proc_sys_reset:5.0 - rst_processing_system7_0_100M
Adding component instance block -- xilinx.com:user:distip:1.0 - distip_0
Adding component instance block -- xilinx.com:ip:axi_crossbar:2.1 - xbar
Adding component instance block -- xilinx.com:ip:axi_protocol_converter:2.1 - auto_pc
Successfully read diagram <design_1> from BD file <C:/Users/Teo/Desktop/teo1/teo/project_1/project_1.srcs/sources_1/bd/design_1/design_1.bd>
open_bd_design: Time (s): cpu = 00:00:38 ; elapsed = 00:00:38 . Memory (MB): peak = 857.113 ; gain = 67.129
WARNING: [IP_Flow 19-474] Invalid Parameter 'Component_Name'
file copy -force C:/Users/Teo/Desktop/teo1/teo/project_1/project_1.runs/impl_2/design_1_wrapper.sysdef C:/Users/Teo/Desktop/teo1/teo/project_1/project_1.sdk/design_1_wrapper.hdf

launch_sdk -workspace C:/Users/Teo/Desktop/teo1/teo/project_1/project_1.sdk -hwspec C:/Users/Teo/Desktop/teo1/teo/project_1/project_1.sdk/design_1_wrapper.hdf
INFO: [Vivado 12-393] Launching SDK...
INFO: [Vivado 12-417] Running xsdk -workspace C:/Users/Teo/Desktop/teo1/teo/project_1/project_1.sdk -hwspec C:/Users/Teo/Desktop/teo1/teo/project_1/project_1.sdk/design_1_wrapper.hdf
INFO: [Vivado 12-3157] SDK launch initiated. Please check console for any further messages.
exit
INFO: [Common 17-206] Exiting Vivado at Wed Aug 05 13:37:25 2015...
