INFO: [Common 17-701] A license check has taken more than 10 seconds to complete. This may indicate that there is a performance issue with one or more license servers listed in XILINXD_LICENSE_FILE or LM_LICENSE_FILE, or that the license servers are just not responding at all. Try setting the FLEXLM_DIAGNOSTICS environment variable to 3 and running Vivado again to get more information.
#-----------------------------------------------------------
# Webtalk v2014.4 (64-bit)
# SW Build 1071353 on Tue Nov 18 17:18:21 MST 2014
# 
# Start of session at: Tue Jul 21 15:39:28 2015
# Process ID: 7492
# Log file: C:/Users/INTEL/Desktop/KNN_code/project_1/project_1.sdk/webtalk/webtalk.log
# Journal file: C:/Users/INTEL/Desktop/KNN_code/project_1/project_1.sdk/webtalk\webtalk.jou
#-----------------------------------------------------------
WARNING: [Common 17-204] Your XILINX environment variable is undefined. You will not be able to run Synthesis and Implementation using ISE based strategies, or import ngc netlists. Please set up your XILINX environment to get full functionality.
source sdk_webtalk.tcl
# webtalk_init -webtalk_dir C:\\Users\\INTEL\\Desktop\\KNN_code\\project_1\\project_1.sdk\\webtalk
# webtalk_register_client -client project
# webtalk_add_data -client project -key date_generated -value "Tue Jul 21 15:38:05 2015" -context "software_version_and_target_device"
# webtalk_add_data -client project -key product_version -value "SDK v2014.4" -context "software_version_and_target_device"
# webtalk_add_data -client project -key build_version -value "2014.4" -context "software_version_and_target_device"
# webtalk_add_data -client project -key os_platform -value "amd64" -context "software_version_and_target_device"
# webtalk_add_data -client project -key registration_id -value "210680388_202152354_210595420_709" -context "software_version_and_target_device"
# webtalk_add_data -client project -key tool_flow -value "SDK" -context "software_version_and_target_device"
# webtalk_add_data -client project -key beta -value "false" -context "software_version_and_target_device"
# webtalk_add_data -client project -key route_design -value "NA" -context "software_version_and_target_device"
# webtalk_add_data -client project -key target_family -value "NA" -context "software_version_and_target_device"
# webtalk_add_data -client project -key target_device -value "NA" -context "software_version_and_target_device"
# webtalk_add_data -client project -key target_package -value "NA" -context "software_version_and_target_device"
# webtalk_add_data -client project -key target_speed -value "NA" -context "software_version_and_target_device"
# webtalk_add_data -client project -key random_id -value "ut6phubo0fp0n7dt4dkrsmip5s" -context "software_version_and_target_device"
# webtalk_add_data -client project -key project_id -value "2014.4_5" -context "software_version_and_target_device"
# webtalk_add_data -client project -key project_iteration -value "5" -context "software_version_and_target_device"
# webtalk_add_data -client project -key os_name -value "Microsoft Windows 8 or later , 64-bit" -context "user_environment"
# webtalk_add_data -client project -key os_release -value "major release  (build 9200)" -context "user_environment"
# webtalk_add_data -client project -key cpu_name -value "Intel(R) Core(TM) i5-4210U CPU @ 1.70GHz" -context "user_environment"
# webtalk_add_data -client project -key cpu_speed -value "2394 MHz" -context "user_environment"
# webtalk_add_data -client project -key total_processors -value "1" -context "user_environment"
# webtalk_add_data -client project -key system_ram -value "4.000 GB" -context "user_environment"
# webtalk_register_client -client sdk
# webtalk_add_data -client sdk -key uid -value "1437480417623" -context "sdk\\\\bsp/1437480417623"
# webtalk_add_data -client sdk -key hwid -value "1437413926018" -context "sdk\\\\bsp/1437480417623"
# webtalk_add_data -client sdk -key os -value "standalone" -context "sdk\\\\bsp/1437480417623"
# webtalk_add_data -client sdk -key apptemplate -value "hello_world" -context "sdk\\\\bsp/1437480417623"
# webtalk_add_data -client sdk -key uid -value "1437480423605" -context "sdk\\\\application/1437480423605"
# webtalk_add_data -client sdk -key hwid -value "1437413926018" -context "sdk\\\\application/1437480423605"
# webtalk_add_data -client sdk -key bspid -value "1437480417623" -context "sdk\\\\application/1437480423605"
# webtalk_add_data -client sdk -key newbsp -value "true" -context "sdk\\\\application/1437480423605"
# webtalk_add_data -client sdk -key os -value "standalone" -context "sdk\\\\application/1437480423605"
# webtalk_add_data -client sdk -key apptemplate -value "hello_world" -context "sdk\\\\application/1437480423605"
# webtalk_transmit -clientid 1746501920 -regid "210680388_202152354_210595420_709" -xml C:\\Users\\INTEL\\Desktop\\KNN_code\\project_1\\project_1.sdk\\webtalk\\usage_statistics_ext_sdk.xml -html C:\\Users\\INTEL\\Desktop\\KNN_code\\project_1\\project_1.sdk\\webtalk\\usage_statistics_ext_sdk.html -wdm C:\\Users\\INTEL\\Desktop\\KNN_code\\project_1\\project_1.sdk\\webtalk\\sdk_webtalk.wdm -intro "<H3>SDK Usage Report</H3><BR>"
webtalk_transmit: Time (s): cpu = 00:00:00 ; elapsed = 00:00:12 . Memory (MB): peak = 53.965 ; gain = 0.000

    while executing
"webtalk_transmit -clientid 1746501920 -regid "210680388_202152354_210595420_709" -xml C:\\Users\\INTEL\\Desktop\\KNN_code\\project_1\\project_1.sdk\\w..."
    (file "sdk_webtalk.tcl" line 35)
INFO: [Common 17-206] Exiting Webtalk at Tue Jul 21 15:39:40 2015...
