#-----------------------------------------------------------
# Webtalk v2014.4 (64-bit)
# SW Build 1071353 on Tue Nov 18 17:18:21 MST 2014
# 
# Start of session at: Thu Jul 16 22:47:37 2015
# Process ID: 884
# Log file: C:/Users/Teo/Desktop/project_1/project_1.sdk/webtalk/webtalk.log
# Journal file: C:/Users/Teo/Desktop/project_1/project_1.sdk/webtalk\webtalk.jou
#-----------------------------------------------------------
WARNING: [Common 17-204] Your XILINX environment variable is undefined. You will not be able to run Synthesis and Implementation using ISE based strategies, or import ngc netlists. Please set up your XILINX environment to get full functionality.
source sdk_webtalk.tcl
# webtalk_init -webtalk_dir C:\\Users\\Teo\\Desktop\\project_1\\project_1.sdk\\webtalk
# webtalk_register_client -client project
# webtalk_add_data -client project -key date_generated -value "Thu Jul 16 22:47:28 2015" -context "software_version_and_target_device"
# webtalk_add_data -client project -key product_version -value "SDK v2014.4" -context "software_version_and_target_device"
# webtalk_add_data -client project -key build_version -value "2014.4" -context "software_version_and_target_device"
# webtalk_add_data -client project -key os_platform -value "amd64" -context "software_version_and_target_device"
# webtalk_add_data -client project -key registration_id -value "210680388_202152354_210595420_709" -context "software_version_and_target_device"
# webtalk_add_data -client project -key tool_flow -value "SDK" -context "software_version_and_target_device"
# webtalk_add_data -client project -key beta -value "false" -context "software_version_and_target_device"
# webtalk_add_data -client project -key route_design -value "NA" -context "software_version_and_target_device"
# webtalk_add_data -client project -key target_family -value "NA" -context "software_version_and_target_device"
# webtalk_add_data -client project -key target_device -value "NA" -context "software_version_and_target_device"
# webtalk_add_data -client project -key target_package -value "NA" -context "software_version_and_target_device"
# webtalk_add_data -client project -key target_speed -value "NA" -context "software_version_and_target_device"
# webtalk_add_data -client project -key random_id -value "h7oro76jil9olbf9k3frn3upva" -context "software_version_and_target_device"
# webtalk_add_data -client project -key project_id -value "2014.4_1" -context "software_version_and_target_device"
# webtalk_add_data -client project -key project_iteration -value "1" -context "software_version_and_target_device"
# webtalk_add_data -client project -key os_name -value "Microsoft Windows 8 or later , 64-bit" -context "user_environment"
# webtalk_add_data -client project -key os_release -value "major release  (build 9200)" -context "user_environment"
# webtalk_add_data -client project -key cpu_name -value "Intel(R) Core(TM) i5-4250U CPU @ 1.30GHz" -context "user_environment"
# webtalk_add_data -client project -key cpu_speed -value "1900 MHz" -context "user_environment"
# webtalk_add_data -client project -key total_processors -value "1" -context "user_environment"
# webtalk_add_data -client project -key system_ram -value "4.000 GB" -context "user_environment"
# webtalk_register_client -client sdk
# webtalk_add_data -client sdk -key uid -value "1437077723480" -context "sdk\\\\bsp/1437077723480"
# webtalk_add_data -client sdk -key hwid -value "1433935744195" -context "sdk\\\\bsp/1437077723480"
# webtalk_add_data -client sdk -key os -value "standalone" -context "sdk\\\\bsp/1437077723480"
# webtalk_add_data -client sdk -key apptemplate -value "null" -context "sdk\\\\bsp/1437077723480"
# webtalk_add_data -client sdk -key uid -value "1437077842905" -context "sdk\\\\application/1437077842905"
# webtalk_add_data -client sdk -key hwid -value "1433935744195" -context "sdk\\\\application/1437077842905"
# webtalk_add_data -client sdk -key bspid -value "1437077723480" -context "sdk\\\\application/1437077842905"
# webtalk_add_data -client sdk -key newbsp -value "false" -context "sdk\\\\application/1437077842905"
# webtalk_add_data -client sdk -key os -value "standalone" -context "sdk\\\\application/1437077842905"
# webtalk_add_data -client sdk -key apptemplate -value "hello_world" -context "sdk\\\\application/1437077842905"
# webtalk_add_data -client sdk -key uid -value "1437078840296" -context "sdk\\\\bsp/1437078840296"
# webtalk_add_data -client sdk -key hwid -value "1434030279181" -context "sdk\\\\bsp/1437078840296"
# webtalk_add_data -client sdk -key os -value "standalone" -context "sdk\\\\bsp/1437078840296"
# webtalk_add_data -client sdk -key apptemplate -value "null" -context "sdk\\\\bsp/1437078840296"
# webtalk_transmit -clientid 481721322 -regid "210680388_202152354_210595420_709" -xml C:\\Users\\Teo\\Desktop\\project_1\\project_1.sdk\\webtalk\\usage_statistics_ext_sdk.xml -html C:\\Users\\Teo\\Desktop\\project_1\\project_1.sdk\\webtalk\\usage_statistics_ext_sdk.html -wdm C:\\Users\\Teo\\Desktop\\project_1\\project_1.sdk\\webtalk\\sdk_webtalk.wdm -intro "<H3>SDK Usage Report</H3><BR>"
webtalk_transmit: Time (s): cpu = 00:00:00 ; elapsed = 00:00:09 . Memory (MB): peak = 98.906 ; gain = 0.000

    while executing
"webtalk_transmit -clientid 481721322 -regid "210680388_202152354_210595420_709" -xml C:\\Users\\Teo\\Desktop\\project_1\\project_1.sdk\\webtalk\\usage..."
    (file "sdk_webtalk.tcl" line 39)
INFO: [Common 17-206] Exiting Webtalk at Thu Jul 16 22:47:46 2015...
