#-----------------------------------------------------------
# Webtalk v2014.4 (64-bit)
# SW Build 1071353 on Tue Nov 18 17:18:21 MST 2014
# 
# Start of session at: Wed Aug 05 12:19:58 2015
# Process ID: 1292
# Log file: C:/Users/Teo/Desktop/teo1/teo/project_1/project_1.sdk/webtalk/webtalk.log
# Journal file: C:/Users/Teo/Desktop/teo1/teo/project_1/project_1.sdk/webtalk\webtalk.jou
#-----------------------------------------------------------
WARNING: [Common 17-204] Your XILINX environment variable is undefined. You will not be able to run Synthesis and Implementation using ISE based strategies, or import ngc netlists. Please set up your XILINX environment to get full functionality.
source sdk_webtalk.tcl
# webtalk_init -webtalk_dir C:\\Users\\Teo\\Desktop\\teo1\\teo\\project_1\\project_1.sdk\\webtalk
# webtalk_register_client -client project
# webtalk_add_data -client project -key date_generated -value "Wed Aug 5 12:19:49 2015" -context "software_version_and_target_device"
# webtalk_add_data -client project -key product_version -value "SDK v2014.4" -context "software_version_and_target_device"
# webtalk_add_data -client project -key build_version -value "2014.4" -context "software_version_and_target_device"
# webtalk_add_data -client project -key os_platform -value "amd64" -context "software_version_and_target_device"
# webtalk_add_data -client project -key registration_id -value "210680388_202152354_210595420_709" -context "software_version_and_target_device"
# webtalk_add_data -client project -key tool_flow -value "SDK" -context "software_version_and_target_device"
# webtalk_add_data -client project -key beta -value "false" -context "software_version_and_target_device"
# webtalk_add_data -client project -key route_design -value "NA" -context "software_version_and_target_device"
# webtalk_add_data -client project -key target_family -value "NA" -context "software_version_and_target_device"
# webtalk_add_data -client project -key target_device -value "NA" -context "software_version_and_target_device"
# webtalk_add_data -client project -key target_package -value "NA" -context "software_version_and_target_device"
# webtalk_add_data -client project -key target_speed -value "NA" -context "software_version_and_target_device"
# webtalk_add_data -client project -key random_id -value "l913f4j8e4696e855lc5fjhns" -context "software_version_and_target_device"
# webtalk_add_data -client project -key project_id -value "2014.4_3" -context "software_version_and_target_device"
# webtalk_add_data -client project -key project_iteration -value "3" -context "software_version_and_target_device"
# webtalk_add_data -client project -key os_name -value "Microsoft Windows 8 or later , 64-bit" -context "user_environment"
# webtalk_add_data -client project -key os_release -value "major release  (build 9200)" -context "user_environment"
# webtalk_add_data -client project -key cpu_name -value "Intel(R) Core(TM) i5-4250U CPU @ 1.30GHz" -context "user_environment"
# webtalk_add_data -client project -key cpu_speed -value "1900 MHz" -context "user_environment"
# webtalk_add_data -client project -key total_processors -value "1" -context "user_environment"
# webtalk_add_data -client project -key system_ram -value "4.000 GB" -context "user_environment"
# webtalk_register_client -client sdk
# webtalk_add_data -client sdk -key uid -value "1438769585785" -context "sdk\\\\hardware/1438769585785"
# webtalk_add_data -client sdk -key isZynq -value "true" -context "sdk\\\\hardware/1438769585785"
# webtalk_add_data -client sdk -key Processors -value "2" -context "sdk\\\\hardware/1438769585785"
# webtalk_add_data -client sdk -key VivadoVersion -value "2014.4" -context "sdk\\\\hardware/1438769585785"
# webtalk_add_data -client sdk -key Arch -value "zynq" -context "sdk\\\\hardware/1438769585785"
# webtalk_add_data -client sdk -key Device -value "7z020" -context "sdk\\\\hardware/1438769585785"
# webtalk_add_data -client sdk -key IsHandoff -value "true" -context "sdk\\\\hardware/1438769585785"
# webtalk_transmit -clientid 4165991121 -regid "210680388_202152354_210595420_709" -xml C:\\Users\\Teo\\Desktop\\teo1\\teo\\project_1\\project_1.sdk\\webtalk\\usage_statistics_ext_sdk.xml -html C:\\Users\\Teo\\Desktop\\teo1\\teo\\project_1\\project_1.sdk\\webtalk\\usage_statistics_ext_sdk.html -wdm C:\\Users\\Teo\\Desktop\\teo1\\teo\\project_1\\project_1.sdk\\webtalk\\sdk_webtalk.wdm -intro "<H3>SDK Usage Report</H3><BR>"
INFO: [Common 17-186] 'C:\Users\Teo\Desktop\teo1\teo\project_1\project_1.sdk\webtalk\usage_statistics_ext_sdk.xml' has been successfully sent to Xilinx on Wed Aug 05 12:20:05 2015. For additional details about this file, please refer to the WebTalk help file at /doc/webtalk_introduction.html.
webtalk_transmit: Time (s): cpu = 00:00:00 ; elapsed = 00:00:07 . Memory (MB): peak = 99.066 ; gain = 0.000
# webtalk_terminate
INFO: [Common 17-206] Exiting Webtalk at Wed Aug 05 12:20:05 2015...
